#
# There is insufficient memory for the Java Runtime Environment to continue.
# Native memory allocation (mmap) failed to map 65536 bytes for Failed to commit metaspace.
# Possible reasons:
#   The system is out of physical RAM or swap space
#   The process is running with CompressedOops enabled, and the Java Heap may be blocking the growth of the native heap
# Possible solutions:
#   Reduce memory load on the system
#   Increase physical memory or swap space
#   Check if swap backing store is full
#   Decrease Java heap size (-Xmx/-Xms)
#   Decrease number of Java threads
#   Decrease Java thread stack sizes (-Xss)
#   Set larger code cache with -XX:ReservedCodeCacheSize=
#   JVM is running with Unscaled Compressed Oops mode in which the Java heap is
#     placed in the first 4GB address space. The Java Heap base address is the
#     maximum limit for the native heap growth. Please use -XX:HeapBaseMinAddress
#     to set the Java Heap base and to place the Java Heap above 4GB virtual address.
# This output file may be truncated or incomplete.
#
#  Out of Memory Error (virtualSpaceNode.cpp:110), pid=37032, tid=33748
#
# JRE version: OpenJDK Runtime Environment Temurin-17.0.7+7 (17.0.7+7) (build 17.0.7+7)
# Java VM: OpenJDK 64-Bit Server VM Temurin-17.0.7+7 (17.0.7+7, mixed mode, tiered, compressed oops, compressed class ptrs, g1 gc, windows-amd64)
# No core dump will be written. Minidumps are not enabled by default on client versions of Windows
#

---------------  S U M M A R Y ------------

Command Line: -Dgroovy.home=C:\Users\albar/.groovy -Djava.system.class.loader=groovy.lang.GroovyClassLoader -Xmx2048m -Dfile.encoding=UTF-8 -XX:+ShowCodeDetailsInExceptionMessages org.codehaus.groovy.tools.GroovyStarter --classpath C:\Users\albar\Katalon Studio\Samsung\bin\keyword;C:\Users\albar\Katalon Studio\Samsung\Keywords;C:\Users\albar\Katalon Studio\Samsung\bin\listener;C:\Users\albar\Katalon Studio\Samsung\Test Listeners;C:\Users\albar\Katalon Studio\Samsung\bin\lib;C:\Users\albar\Katalon Studio\Samsung\Libs;C:\Users\albar\Katalon Studio\Samsung\bin\groovy;C:\Users\albar\Katalon Studio\Samsung\Include\scripts\groovy;C:\Users\albar\.katalon\packages\KS-9.7.5\plugins\com.kms.katalon.core_1.0.0.202503181058.jar;C:\Users\albar\.katalon\packages\KS-9.7.5\configuration\resources\lib\aalto-xml-1.0.0.jar;C:\Users\albar\.katalon\packages\KS-9.7.5\configuration\resources\lib\aspectjweaver-1.9.1.jar;C:\Users\albar\.katalon\packages\KS-9.7.5\configuration\resources\lib\aws-2.20.3-fat.jar;C:\Users\albar\.katalon\packages\KS-9.7.5\configuration\resources\lib\bcpkix-jdk15on-1.64.jar;C:\Users\albar\.katalon\packages\KS-9.7.5\configuration\resources\lib\bcprov-jdk15on-1.64.jar;C:\Users\albar\.katalon\packages\KS-9.7.5\configuration\resources\lib\browsermob-core-2.1.5.jar;C:\Users\albar\.katalon\packages\KS-9.7.5\configuration\resources\lib\byte-buddy-1.14.3.jar;C:\Users\albar\.katalon\packages\KS-9.7.5\configuration\resources\lib\byte-buddy-agent-1.14.3.jar;C:\Users\albar\.katalon\packages\KS-9.7.5\configuration\resources\lib\cglib-3.2.10.jar;C:\Users\albar\.katalon\packages\KS-9.7.5\configuration\resources\lib\commons-codec-1.10.jar;C:\Users\albar\.katalon\packages\KS-9.7.5\configuration\resources\lib\commons-collections4-4.1.jar;C:\Users\albar\.katalon\packages\KS-9.7.5\configuration\resources\lib\commons-validator-1.6.jar;C:\Users\albar\.katalon\packages\KS-9.7.5\configuration\resources\lib\curvesapi-1.04.jar;C:\Users\albar\.katalon\packages\KS-9.7.5\configuration\resources\lib\dnsjava-3.6.2.jar;C:\Users\albar\.katalon\packages\KS-9.7.5\configuration\resources\lib\groovy-3.0.17.jar;C:\Users\albar\.katalon\packages\KS-9.7.5\configuration\resources\lib\jackson-coreutils-2.0.jar;C:\Users\albar\.katalon\packages\KS-9.7.5\configuration\resources\lib\jackson-coreutils-equivalence-1.0.jar;C:\Users\albar\.katalon\packages\KS-9.7.5\configuration\resources\lib\java-client-7.0.0.jar;C:\Users\albar\.katalon\packages\KS-9.7.5\configuration\resources\lib\javax.servlet-api_3.1.0.jar;C:\Users\albar\.katalon\packages\KS-9.7.5\configuration\resources\lib\jna-5.12.1.jar;C:\Users\albar\.katalon\packages\KS-9.7.5\configuration\resources\lib\jna-platform-5.12.1.jar;C:\Users\albar\.katalon\packages\KS-9.7.5\configuration\resources\lib\json-schema-core-1.2.14.jar;C:\Users\albar\.katalon\packages\KS-9.7.5\configuration\resources\lib\json-schema-validator-2.2.14.jar;C:\Users\albar\.katalon\packages\KS-9.7.5\configuration\resources\lib\jzlib-1.1.3.jar;C:\Users\albar\.katalon\packages\KS-9.7.5\configuration\resources\lib\kat-server.jar;C:\Users\albar\.katalon\packages\KS-9.7.5\configuration\resources\lib\littleproxy-1.1.0-beta-bmp-17.jar;C:\Users\albar\.katalon\packages\KS-9.7.5\configuration\resources\lib\log4j-1.2-api-2.17.1.jar;C:\Users\albar\.katalon\packages\KS-9.7.5\configuration\resources\lib\log4j-api-2.17.1.jar;C:\Users\albar\.katalon\packages\KS-9.7.5\configuration\resources\lib\log4j-core-2.17.1.jar;C:\Users\albar\.katalon\packages\KS-9.7.5\configuration\resources\lib\mitm-2.1.5.jar;C:\Users\albar\.katalon\packages\KS-9.7.5\configuration\resources\lib\mockito-core-5.2.0.jar;C:\Users\albar\.katalon\packages\KS-9.7.5\configuration\resources\lib\mockito-inline-5.2.0.jar;C:\Users\albar\.katalon\packages\KS-9.7.5\configuration\resources\lib\netty-all-4.1.109.Final.jar;C:\Users\albar\.katalon\packages\KS-9.7.5\configuration\resources\lib\objenesis-3.3.jar;C:\Users\albar\.katalon\packages\KS-9.7.5\configuration\resources\lib\poi-3.17.jar;C:\Users\albar\.katalon\packages\KS-9.7.5\configuration\resources\lib\poi-ooxml-3.17.jar;C:\Users\albar\.katalon\packages\KS-9.7.5\configuration\resources\lib\poi-ooxml-schemas-3.17.jar;C:\Users\albar\.katalon\packages\KS-9.7.5\configuration\resources\lib\proxy-vole-1.0.4-SNAPSHOT-jar-with-dependencies.jar;C:\Users\albar\.katalon\packages\KS-9.7.5\configuration\resources\lib\repackaged-sikuli-api-1.0.2-standalone.jar;C:\Users\albar\.katalon\packages\KS-9.7.5\configuration\resources\lib\selenium-leg-rc-3.141.59.jar;C:\Users\albar\.katalon\packages\KS-9.7.5\configuration\resources\lib\selenium-server-standalone-3.141.59.jar;C:\Users\albar\.katalon\packages\KS-9.7.5\configuration\resources\lib\selenium-shutterbug-1.1.jar;C:\Users\albar\.katalon\packages\KS-9.7.5\configuration\resources\lib\slf4j-api-1.7.25.jar;C:\Users\albar\.katalon\packages\KS-9.7.5\configuration\resources\lib\soap-builder-1.0.0.jar;C:\Users\albar\.katalon\packages\KS-9.7.5\configuration\resources\lib\soap-common-1.0.0.jar;C:\Users\albar\.katalon\packages\KS-9.7.5\configuration\resources\lib\soap-legacy-1.0.0.jar;C:\Users\albar\.katalon\packages\KS-9.7.5\configuration\resources\lib\spring-context-5.3.19.jar;C:\Users\albar\.katalon\packages\KS-9.7.5\configuration\resources\lib\stax2-api-4.0.0.jar;C:\Users\albar\.katalon\packages\KS-9.7.5\configuration\resources\lib\su.jar;C:\Users\albar\.katalon\packages\KS-9.7.5\configuration\resources\lib\swagger-parser-1.0.67-fat.jar;C:\Users\albar\.katalon\packages\KS-9.7.5\configuration\resources\lib\testng-7.8.0.jar;C:\Users\albar\.katalon\packages\KS-9.7.5\configuration\resources\lib\uri-template-0.1.jar;C:\Users\albar\.katalon\packages\KS-9.7.5\configuration\resources\lib\wadl.jar;C:\Users\albar\.katalon\packages\KS-9.7.5\configuration\resources\lib\xmlbeans-3.1.0.jar;C:\Users\albar\.katalon\packages\KS-9.7.5\plugins\net.sf.supercsv.super-csv_2.1.0.jar;C:\Users\albar\.katalon\packages\KS-9.7.5\plugins\org.apache.commons.commons-io_2.15.1.jar;C:\Users\albar\.katalon\packages\KS-9.7.5\plugins\org.apache.commons.lang_2.6.0.jar;C:\Users\albar\.katalon\packages\KS-9.7.5\plugins\com.google.gson_2.10.1.v20230109-0753.jar;C:\Users\albar\.katalon\packages\KS-9.7.5\plugins\org.jsoup_1.14.3.jar;C:\Users\albar\.katalon\packages\KS-9.7.5\plugins\org.apache.commons.dbutils_1.6.0.jar;C:\Users\albar\.katalon\packages\KS-9.7.5\plugins\com.oracle.jdbc.ojdbc7_12.1.0.2.jar;C:\Users\albar\.katalon\packages\KS-9.7.5\plugins\org.postgresql.jdbc_42.7.3.jar;c:\Users\albar\.katalon\packages\KS-9.7.5\plugins\org.eclipse.osgi_3.18.300.v20230220-1352.jar;C:\Users\albar\.katalon\packages\KS-9.7.5\plugins\com.kms.katalon.constant_1.0.0.202503181058.jar;C:\Users\albar\.katalon\packages\KS-9.7.5\plugins\org.eclipse.persistence.eclipselink_2.7.11.jar;C:\Users\albar\.katalon\packages\KS-9.7.5\plugins\com.kms.katalon.selenium-standalone_1.0.0.202503181058.jar;C:\Users\albar\.katalon\packages\KS-9.7.5\plugins\atu.testrecorder.screen-recorder_2.1.0.jar;C:\Users\albar\.katalon\packages\KS-9.7.5\plugins\com.google.guava_32.0.0.jre.jar;C:\Users\albar\.katalon\packages\KS-9.7.5\plugins\com.kms.katalon.util_1.0.0.202503181058.jar;C:\Users\albar\.katalon\packages\KS-9.7.5\plugins\org.apache.httpcomponents.httpclient_4.5.14.v20221207-1049.jar;C:\Users\albar\.katalon\packages\KS-9.7.5\plugins\org.apache.httpcomponents.httpcore_4.4.16.v20221207-1049.jar;C:\Users\albar\.katalon\packages\KS-9.7.5\plugins\org.apache.httpcomponents.httpmime_4.5.13.jar;C:\Users\albar\.katalon\packages\KS-9.7.5\plugins\org.apache.commons.lang3_3.14.0.jar;C:\Users\albar\.katalon\packages\KS-9.7.5\plugins\org.greenrobot.eventbus_3.1.1.jar;C:\Users\albar\.katalon\packages\KS-9.7.5\plugins\net.bytebuddy.byte-buddy_1.14.15.jar;C:\Users\albar\.katalon\packages\KS-9.7.5\plugins\org.junit_4.13.2.v20211018-1956.jar;C:\Users\albar\.katalon\packages\KS-9.7.5\plugins\com.fasterxml.jackson.core.jackson-databind_2.17.1.jar;C:\Users\albar\.katalon\packages\KS-9.7.5\plugins\com.fasterxml.jackson.core.jackson-core_2.17.1.jar;C:\Users\albar\.katalon\packages\KS-9.7.5\plugins\com.fasterxml.jackson.core.jackson-annotations_2.17.1.jar;C:\Users\albar\.katalon\packages\KS-9.7.5\plugins\ch.qos.logback.classic_1.2.13.jar;C:\Users\albar\.katalon\packages\KS-9.7.5\plugins\ch.qos.logback.core_1.2.13.jar;C:\Users\albar\.katalon\packages\KS-9.7.5\plugins\slf4j.api_1.7.36.jar;C:\Users\albar\.katalon\packages\KS-9.7.5\plugins\org.fusesource.jansi_1.17.1.jar;C:\Users\albar\.katalon\packages\KS-9.7.5\plugins\com.kms.katalon.netlightbody_1.0.0.202503181058.jar;C:\Users\albar\.katalon\packages\KS-9.7.5\plugins\com.kms.katalon.poi_1.0.0.202503181058.jar;C:\Users\albar\.katalon\packages\KS-9.7.5\plugins\org.apache.commons.commons-text_1.10.0.jar;C:\Users\albar\.katalon\packages\KS-9.7.5\plugins\com.kms.katalon.proxyvole_1.0.0.202503181058.jar;C:\Users\albar\.katalon\packages\KS-9.7.5\plugins\com.microsoft.sqlserver.mssql-jdbc_6.2.2.jre8.jar;C:\Users\albar\.katalon\packages\KS-9.7.5\plugins\com.github.kklisura.cdt.java-client_2.1.0.jar;C:\Users\albar\.katalon\packages\KS-9.7.5\plugins\javax.websocket-api_1.1.0.jar;C:\Users\albar\.katalon\packages\KS-9.7.5\plugins\org.glassfish.tyrus.container-grizzly-client_1.13.1.jar;C:\Users\albar\.katalon\packages\KS-9.7.5\plugins\org.glassfish.grizzly.http-server_2.3.25.jar;C:\Users\albar\.katalon\packages\KS-9.7.5\plugins\org.glassfish.grizzly.framework_2.3.25.jar;C:\Users\albar\.katalon\packages\KS-9.7.5\plugins\org.glassfish.grizzly.http_2.3.25.jar;C:\Users\albar\.katalon\packages\KS-9.7.5\plugins\org.glassfish.tyrus.client_1.13.1.jar;C:\Users\albar\.katalon\packages\KS-9.7.5\plugins\org.glassfish.tyrus.core_1.13.1.jar;C:\Users\albar\.katalon\packages\KS-9.7.5\plugins\org.glassfish.tyrus.spi_1.13.1.jar;C:\Users\albar\.katalon\packages\KS-9.7.5\plugins\javassist_3.28.0.GA.jar;C:\Users\albar\.katalon\packages\KS-9.7.5\plugins\graphql-java_22.3.0.jar;C:\Users\albar\.katalon\packages\KS-9.7.5\plugins\org.glassfish.jaxb.runtime_2.3.6.jar;C:\Users\albar\.katalon\packages\KS-9.7.5\plugins\org.glassfish.jaxb.txw2_2.3.6.jar;C:\Users\albar\.katalon\packages\KS-9.7.5\plugins\org.dom4j_2.1.4.jar;C:\Users\albar\.katalon\packages\KS-9.7.5\plugins\com.kms.katalon.groovy-extended_1.0.0.202503181058.jar;C:\Users\albar\.katalon\packages\KS-9.7.5\plugins\com.sun.activation.javax.activation_1.2.0.jar;C:\Users\albar\.katalon\packages\KS-9.7.5\plugins\jakarta.xml.bind-api_2.3.3.jar;C:\Users\albar\.katalon\packages\KS-9.7.5\plugins\com.sun.xml.bind.jaxb-impl_2.3.6.jar;C:\Users\albar\.katalon\packages\KS-9.7.5\plugins\org.eclipse.jface_3.29.0.v20230214-1401.jar;C:\Users\albar\.katalon\packages\KS-9.7.5\plugins\com.kms.katalon.logging_1.0.0.202503181058.jar;C:\Users\albar\.katalon\packages\KS-9.7.5\plugins\json_20240303.0.0.jar;C:\Users\albar\.katalon\packages\KS-9.7.5\plugins\assertj-core_3.25.3.jar;C:\Users\albar\.katalon\packages\KS-9.7.5\plugins\com.networknt.json-schema-validator_1.0.66.jar;C:\Users\albar\.katalon\packages\KS-9.7.5\plugins\com.kms.katalon.network.apache_1.0.0.202503181058.jar;C:\Users\albar\.katalon\packages\KS-9.7.5\plugins\java-dataloader_3.3.0.jar;C:\Users\albar\.katalon\packages\KS-9.7.5\plugins\org.apache.commons.logging_1.2.0.v20180409-1502.jar;C:\Users\albar\.katalon\packages\KS-9.7.5\plugins\org.hamcrest.core_1.3.0.v20180420-1519.jar;C:\Users\albar\.katalon\packages\KS-9.7.5\plugins\org.beanshell.bsh_2.0.0.0b4.jar;C:\Users\albar\.katalon\packages\KS-9.7.5\plugins\org.apache.ant.launcher_1.9.6.jar;C:\Users\albar\.katalon\packages\KS-9.7.5\plugins\com.kms.katalon.core.appium_1.0.0.202503181058.jar;C:\Users\albar\.katalon\packages\KS-9.7.5\plugins\com.kms.katalon.api_1.0.0.202503181058.jar;C:\Users\albar\.katalon\packages\KS-9.7.5\plugins\org.eclipse.equinox.common_3.17.100.v20230202-1341.jar;C:\Users\albar\.katalon\packages\KS-9.7.5\plugins\com.kms.katalon.platform.core_1.0.0.202503181058.jar;C:\Users\albar\.katalon\packages\KS-9.7.5\plugins\com.kms.katalon.common_1.0.0.202503181058.jar;C:\Users\albar\.katalon\packages\KS-9.7.5\plugins\com.kms.katalon.session.core_1.0.0.202503181058.jar;C:\Users\albar\.katalon\packages\KS-9.7.5\plugins\org.eclipse.e4.core.contexts_1.11.0.v20220716-0839.jar;C:\Users\albar\.katalon\packages\KS-9.7.5\plugins\javax.inject_1.0.0.v20220405-0441.jar;C:\Users\albar\.katalon\packages\KS-9.7.5\plugins\org.eclipse.e4.core.di_1.8.300.v20220817-1539.jar;C:\Users\albar\.katalon\packages\KS-9.7.5\plugins\com.kms.katalon.network.core_1.0.0.202503181058.jar;C:\Users\albar\.katalon\packages\KS-9.7.5\plugins\com.kms.katalon.execution.core_1.0.0.202503181058.jar;C:\Users\albar\.katalon\packages\KS-9.7.5\plugins\org.eclipse.equinox.registry_3.11.200.v20220817-1601.jar;C:\Users\albar\.katalon\packages\KS-9.7.5\plugins\dev.failsafe_3.3.2.jar;C:\Users\albar\.katalon\packages\KS-9.7.5\plugins\com.fasterxml.jackson.datatype.jackson-datatype-jsr310_2.17.1.jar;C:\Users\albar\.katalon\packages\KS-9.7.5\plugins\org.eclipse.e4.core.di.annotations_1.7.200.v20220613-1008.jar;C:\Users\albar\.katalon\packages\KS-9.7.5\plugins\com.kms.katalon.core.webui_1.0.0.202503181058.jar;C:\Users\albar\.katalon\packages\KS-9.7.5\plugins\org.eclipse.e4.core.services_2.3.400.v20220915-1347.jar;C:\Users\albar\.katalon\packages\KS-9.7.5\plugins\com.kms.katalon.core.mobile_1.0.0.202503181058.jar;C:\Users\albar\.katalon\packages\KS-9.7.5\plugins\org.apache.commons.commons-validator_1.7.0.jar;C:\Users\albar\.katalon\packages\KS-9.7.5\plugins\com.kms.katalon.core.cucumber_1.0.0.202503181058.jar;C:\Users\albar\.katalon\packages\KS-9.7.5\plugins\io.cucumber.core_3.0.3.jar;C:\Users\albar\.katalon\packages\KS-9.7.5\plugins\io.cucumber.datatable_1.1.15.jar;C:\Users\albar\.katalon\packages\KS-9.7.5\plugins\io.cucumber.datatable-dependencies_1.1.15.jar;C:\Users\albar\.katalon\packages\KS-9.7.5\plugins\io.cucumber.expressions_5.0.19.jar;C:\Users\albar\.katalon\packages\KS-9.7.5\plugins\io.cucumber.gherkin_5.0.0.jar;C:\Users\albar\.katalon\packages\KS-9.7.5\plugins\io.cucumber.html_0.2.7.jar;C:\Users\albar\.katalon\packages\KS-9.7.5\plugins\io.cucumber.java_3.0.3.jar;C:\Users\albar\.katalon\packages\KS-9.7.5\plugins\io.cucumber.tag-expressions_1.1.1.jar;C:\Users\albar\.katalon\packages\KS-9.7.5\plugins\io.cucumber.junit_3.0.3.jar;C:\Users\albar\.katalon\packages\KS-9.7.5\plugins\com.kms.katalon.core.webservice_1.0.0.202503181058.jar;C:\Users\albar\.katalon\packages\KS-9.7.5\plugins\wsdl4j_1.6.2.jar;C:\Users\albar\.katalon\packages\KS-9.7.5\plugins\com.google.oauth-client.google-oauth-client_1.22.0.jar;C:\Users\albar\.katalon\packages\KS-9.7.5\plugins\com.google.http-client.google-http-client_1.22.0.jar;C:\Users\albar\.katalon\packages\KS-9.7.5\plugins\ca.juliusdavies.not-yet-commons-ssl_0.3.11.jar;C:\Users\albar\.katalon\packages\KS-9.7.5\plugins\com.kms.katalon.preferences_1.0.0.202503181058.jar;C:\Users\albar\.katalon\packages\KS-9.7.5\plugins\org.apache.xmlbeans_3.1.0.jar;C:\Users\albar\.katalon\packages\KS-9.7.5\plugins\com.kms.katalon.entity_1.0.0.202503181058.jar;C:\Users\albar\.katalon\packages\KS-9.7.5\plugins\jakarta.xml.ws-api_2.3.3.jar;C:\Users\albar\.katalon\packages\KS-9.7.5\plugins\javax.xml.soap-api_1.4.0.jar;C:\Users\albar\.katalon\packages\KS-9.7.5\plugins\com.atlassian.oai.swagger-request-validator-core_2.38.0.jar;C:\Users\albar\.katalon\packages\KS-9.7.5\plugins\io.swagger.compat-spec-parser_1.0.67.jar;C:\Users\albar\.katalon\packages\KS-9.7.5\plugins\io.swagger.core.v3.swagger-annotations_2.2.14.jar;C:\Users\albar\.katalon\packages\KS-9.7.5\plugins\io.swagger.core.v3.swagger-core_2.2.14.jar;C:\Users\albar\.katalon\packages\KS-9.7.5\plugins\io.swagger.core.v3.swagger-models_2.2.14.jar;C:\Users\albar\.katalon\packages\KS-9.7.5\plugins\io.swagger.parser.v3.swagger-parser-core_2.1.16.jar;C:\Users\albar\.katalon\packages\KS-9.7.5\plugins\io.swagger.parser.v3.swagger-parser-v2-converter_2.1.16.jar;C:\Users\albar\.katalon\packages\KS-9.7.5\plugins\com.github.java-json-tools.btf_1.3.0.jar;C:\Users\albar\.katalon\packages\KS-9.7.5\plugins\com.fasterxml.jackson.dataformat.jackson-dataformat-yaml_2.17.1.jar;C:\Users\albar\.katalon\packages\KS-9.7.5\plugins\org.yaml.snakeyaml_2.2.0.jar;C:\Users\albar\.katalon\packages\KS-9.7.5\plugins\com.github.java-json-tools.msg-simple_1.2.0.jar;C:\Users\albar\.katalon\packages\KS-9.7.5\plugins\jackson-core-asl_1.9.13.jar;C:\Users\albar\.katalon\packages\KS-9.7.5\plugins\joda-time_2.10.5.jar;C:\Users\albar\.katalon\packages\KS-9.7.5\plugins\javax.mail-api_1.6.2.jar;C:\Users\albar\.katalon\packages\KS-9.7.5\plugins\com.googlecode.libphonenumber_8.11.1.jar;C:\Users\albar\.katalon\packages\KS-9.7.5\plugins\com.google.guava.failureaccess_1.0.1.jar;C:\Users\albar\.katalon\packages\KS-9.7.5\plugins\io.swagger.parser.v3.swagger-parser_2.1.16.jar;C:\Users\albar\.katalon\packages\KS-9.7.5\plugins\io.swagger.parser.v3.swagger-parser-v3_2.1.16.jar;C:\Users\albar\.katalon\packages\KS-9.7.5\plugins\io.swagger.parser_1.0.67.jar;C:\Users\albar\.katalon\packages\KS-9.7.5\plugins\com.kms.katalon.core.windows_1.0.0.202503181058.jar;C:\Users\albar\.katalon\packages\KS-9.7.5\plugins\com.kms.katalon.core.testng_1.0.0.202503181058.jar;C:\Users\albar\.katalon\packages\KS-9.7.5\configuration\org.eclipse.osgi\32\0\.cp\resources\basic-report\katalon-studio-report-plugin.jar;C:\Users\albar\.katalon\packages\KS-9.7.5\plugins\org.codehaus.groovy_3.0.17.v202303311542-e2303\lib\groovy-3.0.17-indy.jar;C:\Users\albar\.katalon\packages\KS-9.7.5\plugins\org.codehaus.groovy_3.0.17.v202303311542-e2303\lib\ivy-2.5.1.jar --main groovy.ui.GroovyMain --encoding UTF-8 --indy C:\Users\albar\Katalon Studio\Samsung\Libs\TempTestCase1746274091068.groovy

Host: Intel(R) Core(TM) i5-8350U CPU @ 1.70GHz, 8 cores, 15G,  Windows 11 , 64 bit Build 26100 (10.0.26100.3912)
Time: Sat May  3 19:08:16 2025 SE Asia Standard Time elapsed time: 4.836375 seconds (0d 0h 0m 4s)

---------------  T H R E A D  ---------------

Current thread (0x0000013b580c1180):  JavaThread "C1 CompilerThread0" daemon [_thread_in_vm, id=33748, stack(0x0000000d32000000,0x0000000d32100000)]


Current CompileTask:
C1:   4836  476       3       java.lang.invoke.MethodTypeForm::canonicalize (74 bytes)

Stack: [0x0000000d32000000,0x0000000d32100000]
Native frames: (J=compiled Java code, j=interpreted, Vv=VM code, C=native code)
V  [jvm.dll+0x67754a]
V  [jvm.dll+0x834304]
V  [jvm.dll+0x835aae]
V  [jvm.dll+0x836113]
V  [jvm.dll+0x24696f]
V  [jvm.dll+0x83039b]
V  [jvm.dll+0x61c006]
V  [jvm.dll+0x61c06a]
V  [jvm.dll+0x61e89a]
V  [jvm.dll+0x61c9a6]
V  [jvm.dll+0x62dc3a]
V  [jvm.dll+0x626aaa]
V  [jvm.dll+0x1cd7a0]
V  [jvm.dll+0x1cd98f]
V  [jvm.dll+0x147a21]
V  [jvm.dll+0x147865]
V  [jvm.dll+0x13f0ce]
V  [jvm.dll+0x141685]
V  [jvm.dll+0x13f86c]
V  [jvm.dll+0x14833d]
V  [jvm.dll+0x147865]
V  [jvm.dll+0x13f0ce]
V  [jvm.dll+0x141685]
V  [jvm.dll+0x13f86c]
V  [jvm.dll+0x14833d]
V  [jvm.dll+0x147865]
V  [jvm.dll+0x13f0ce]
V  [jvm.dll+0x141685]
V  [jvm.dll+0x13f964]
V  [jvm.dll+0x1398df]
V  [jvm.dll+0x149456]
V  [jvm.dll+0x134ff0]
V  [jvm.dll+0x135350]
V  [jvm.dll+0x135616]
V  [jvm.dll+0x134aaa]
V  [jvm.dll+0x136771]
V  [jvm.dll+0x2284da]
V  [jvm.dll+0x226615]
V  [jvm.dll+0x7ea90b]
V  [jvm.dll+0x7e4e7a]
V  [jvm.dll+0x676395]
C  [ucrtbase.dll+0x37b0]
C  [KERNEL32.DLL+0x2e8d7]
C  [ntdll.dll+0x9c5dc]


---------------  P R O C E S S  ---------------

Threads class SMR info:
_java_thread_list=0x0000013b589d51f0, length=12, elements={
0x0000013b37c58c90, 0x0000013b58086270, 0x0000013b58087750, 0x0000013b580ac3b0,
0x0000013b580acd70, 0x0000013b580b0950, 0x0000013b580b7540, 0x0000013b580bfc60,
0x0000013b580c1180, 0x0000013b580c2220, 0x0000013b583981f0, 0x0000013b58a9b700
}

Java Threads: ( => current thread )
  0x0000013b37c58c90 JavaThread "main" [_thread_in_vm, id=37876, stack(0x0000000d31200000,0x0000000d31300000)]
  0x0000013b58086270 JavaThread "Reference Handler" daemon [_thread_blocked, id=35176, stack(0x0000000d31900000,0x0000000d31a00000)]
  0x0000013b58087750 JavaThread "Finalizer" daemon [_thread_blocked, id=36436, stack(0x0000000d31a00000,0x0000000d31b00000)]
  0x0000013b580ac3b0 JavaThread "Signal Dispatcher" daemon [_thread_blocked, id=23976, stack(0x0000000d31b00000,0x0000000d31c00000)]
  0x0000013b580acd70 JavaThread "Attach Listener" daemon [_thread_blocked, id=34412, stack(0x0000000d31c00000,0x0000000d31d00000)]
  0x0000013b580b0950 JavaThread "Service Thread" daemon [_thread_blocked, id=37704, stack(0x0000000d31d00000,0x0000000d31e00000)]
  0x0000013b580b7540 JavaThread "Monitor Deflation Thread" daemon [_thread_blocked, id=4072, stack(0x0000000d31e00000,0x0000000d31f00000)]
  0x0000013b580bfc60 JavaThread "C2 CompilerThread0" daemon [_thread_blocked, id=8444, stack(0x0000000d31f00000,0x0000000d32000000)]
=>0x0000013b580c1180 JavaThread "C1 CompilerThread0" daemon [_thread_in_vm, id=33748, stack(0x0000000d32000000,0x0000000d32100000)]
  0x0000013b580c2220 JavaThread "Sweeper thread" daemon [_thread_blocked, id=33412, stack(0x0000000d32100000,0x0000000d32200000)]
  0x0000013b583981f0 JavaThread "Common-Cleaner" daemon [_thread_blocked, id=35860, stack(0x0000000d32200000,0x0000000d32300000)]
  0x0000013b58a9b700 JavaThread "Notification Thread" daemon [_thread_blocked, id=26424, stack(0x0000000d32400000,0x0000000d32500000)]

Other Threads:
  0x0000013b58060ef0 VMThread "VM Thread" [stack: 0x0000000d31800000,0x0000000d31900000] [id=31732] _threads_hazard_ptr=0x0000013b589d51f0
  0x0000013b58a9bbd0 WatcherThread [stack: 0x0000000d32500000,0x0000000d32600000] [id=28140]
  0x0000013b37cb7d50 GCTaskThread "GC Thread#0" [stack: 0x0000000d31300000,0x0000000d31400000] [id=3208]
  0x0000013b37cc8ba0 ConcurrentGCThread "G1 Main Marker" [stack: 0x0000000d31400000,0x0000000d31500000] [id=18304]
  0x0000013b37cca930 ConcurrentGCThread "G1 Conc#0" [stack: 0x0000000d31500000,0x0000000d31600000] [id=37292]
  0x0000013b37ceece0 ConcurrentGCThread "G1 Refine#0" [stack: 0x0000000d31600000,0x0000000d31700000] [id=31316]
  0x0000013b53b18a70 ConcurrentGCThread "G1 Service" [stack: 0x0000000d31700000,0x0000000d31800000] [id=20348]

Threads with active compile tasks:
C1 CompilerThread0     4882  476       3       java.lang.invoke.MethodTypeForm::canonicalize (74 bytes)

VM state: synchronizing (normal execution)

VM Mutex/Monitor currently owned by a thread:  ([mutex/lock_event])
[0x0000013b37c462a0] Metaspace_lock - owner thread: 0x0000013b580c1180
[0x0000013b37c469f0] Threads_lock - owner thread: 0x0000013b58060ef0
[0x0000013b37c56310] MethodData_lock - owner thread: 0x0000013b580c1180

Heap address: 0x0000000080000000, size: 2048 MB, Compressed Oops mode: 32-bit

CDS archive(s) not mapped
Compressed class space mapped at: 0x0000000100000000-0x0000000140000000, reserved size: 1073741824
Narrow klass base: 0x0000000000000000, Narrow klass shift: 3, Narrow klass range: 0x140000000

GC Precious Log:
 CPUs: 8 total, 8 available
 Memory: 16227M
 Large Page Support: Disabled
 NUMA Support: Disabled
 Compressed Oops: Enabled (32-bit)
 Heap Region Size: 1M
 Heap Min Capacity: 8M
 Heap Initial Capacity: 254M
 Heap Max Capacity: 2G
 Pre-touch: Disabled
 Parallel Workers: 8
 Concurrent Workers: 2
 Concurrent Refinement Workers: 8
 Periodic GC: Disabled

Heap:
 garbage-first heap   total 260096K, used 20480K [0x0000000080000000, 0x0000000100000000)
  region size 1024K, 19 young (19456K), 0 survivors (0K)
 Metaspace       used 6551K, committed 6656K, reserved 1114112K
  class space    used 505K, committed 576K, reserved 1048576K

Heap Regions: E=young(eden), S=young(survivor), O=old, HS=humongous(starts), HC=humongous(continues), CS=collection set, F=free, OA=open archive, CA=closed archive, TAMS=top-at-mark-start (previous, next)
|   0|0x0000000080000000, 0x0000000080100000, 0x0000000080100000|100%|HS|  |TAMS 0x0000000080000000, 0x0000000080000000| Complete 
|   1|0x0000000080100000, 0x0000000080200000, 0x0000000080200000|100%|HS|  |TAMS 0x0000000080100000, 0x0000000080100000| Complete 
|   2|0x0000000080200000, 0x0000000080300000, 0x0000000080300000|100%|HS|  |TAMS 0x0000000080200000, 0x0000000080200000| Complete 
|   3|0x0000000080300000, 0x0000000080300000, 0x0000000080400000|  0%| F|  |TAMS 0x0000000080300000, 0x0000000080300000| Untracked 
|   4|0x0000000080400000, 0x0000000080400000, 0x0000000080500000|  0%| F|  |TAMS 0x0000000080400000, 0x0000000080400000| Untracked 
|   5|0x0000000080500000, 0x0000000080500000, 0x0000000080600000|  0%| F|  |TAMS 0x0000000080500000, 0x0000000080500000| Untracked 
|   6|0x0000000080600000, 0x0000000080600000, 0x0000000080700000|  0%| F|  |TAMS 0x0000000080600000, 0x0000000080600000| Untracked 
|   7|0x0000000080700000, 0x0000000080700000, 0x0000000080800000|  0%| F|  |TAMS 0x0000000080700000, 0x0000000080700000| Untracked 
|   8|0x0000000080800000, 0x0000000080800000, 0x0000000080900000|  0%| F|  |TAMS 0x0000000080800000, 0x0000000080800000| Untracked 
|   9|0x0000000080900000, 0x0000000080900000, 0x0000000080a00000|  0%| F|  |TAMS 0x0000000080900000, 0x0000000080900000| Untracked 
|  10|0x0000000080a00000, 0x0000000080a00000, 0x0000000080b00000|  0%| F|  |TAMS 0x0000000080a00000, 0x0000000080a00000| Untracked 
|  11|0x0000000080b00000, 0x0000000080b00000, 0x0000000080c00000|  0%| F|  |TAMS 0x0000000080b00000, 0x0000000080b00000| Untracked 
|  12|0x0000000080c00000, 0x0000000080c00000, 0x0000000080d00000|  0%| F|  |TAMS 0x0000000080c00000, 0x0000000080c00000| Untracked 
|  13|0x0000000080d00000, 0x0000000080d00000, 0x0000000080e00000|  0%| F|  |TAMS 0x0000000080d00000, 0x0000000080d00000| Untracked 
|  14|0x0000000080e00000, 0x0000000080e00000, 0x0000000080f00000|  0%| F|  |TAMS 0x0000000080e00000, 0x0000000080e00000| Untracked 
|  15|0x0000000080f00000, 0x0000000080f00000, 0x0000000081000000|  0%| F|  |TAMS 0x0000000080f00000, 0x0000000080f00000| Untracked 
|  16|0x0000000081000000, 0x0000000081000000, 0x0000000081100000|  0%| F|  |TAMS 0x0000000081000000, 0x0000000081000000| Untracked 
|  17|0x0000000081100000, 0x0000000081100000, 0x0000000081200000|  0%| F|  |TAMS 0x0000000081100000, 0x0000000081100000| Untracked 
|  18|0x0000000081200000, 0x0000000081200000, 0x0000000081300000|  0%| F|  |TAMS 0x0000000081200000, 0x0000000081200000| Untracked 
|  19|0x0000000081300000, 0x0000000081300000, 0x0000000081400000|  0%| F|  |TAMS 0x0000000081300000, 0x0000000081300000| Untracked 
|  20|0x0000000081400000, 0x0000000081400000, 0x0000000081500000|  0%| F|  |TAMS 0x0000000081400000, 0x0000000081400000| Untracked 
|  21|0x0000000081500000, 0x0000000081500000, 0x0000000081600000|  0%| F|  |TAMS 0x0000000081500000, 0x0000000081500000| Untracked 
|  22|0x0000000081600000, 0x0000000081600000, 0x0000000081700000|  0%| F|  |TAMS 0x0000000081600000, 0x0000000081600000| Untracked 
|  23|0x0000000081700000, 0x0000000081700000, 0x0000000081800000|  0%| F|  |TAMS 0x0000000081700000, 0x0000000081700000| Untracked 
|  24|0x0000000081800000, 0x0000000081800000, 0x0000000081900000|  0%| F|  |TAMS 0x0000000081800000, 0x0000000081800000| Untracked 
|  25|0x0000000081900000, 0x0000000081900000, 0x0000000081a00000|  0%| F|  |TAMS 0x0000000081900000, 0x0000000081900000| Untracked 
|  26|0x0000000081a00000, 0x0000000081a00000, 0x0000000081b00000|  0%| F|  |TAMS 0x0000000081a00000, 0x0000000081a00000| Untracked 
|  27|0x0000000081b00000, 0x0000000081b00000, 0x0000000081c00000|  0%| F|  |TAMS 0x0000000081b00000, 0x0000000081b00000| Untracked 
|  28|0x0000000081c00000, 0x0000000081c00000, 0x0000000081d00000|  0%| F|  |TAMS 0x0000000081c00000, 0x0000000081c00000| Untracked 
|  29|0x0000000081d00000, 0x0000000081d00000, 0x0000000081e00000|  0%| F|  |TAMS 0x0000000081d00000, 0x0000000081d00000| Untracked 
|  30|0x0000000081e00000, 0x0000000081e00000, 0x0000000081f00000|  0%| F|  |TAMS 0x0000000081e00000, 0x0000000081e00000| Untracked 
|  31|0x0000000081f00000, 0x0000000081f00000, 0x0000000082000000|  0%| F|  |TAMS 0x0000000081f00000, 0x0000000081f00000| Untracked 
|  32|0x0000000082000000, 0x0000000082000000, 0x0000000082100000|  0%| F|  |TAMS 0x0000000082000000, 0x0000000082000000| Untracked 
|  33|0x0000000082100000, 0x0000000082100000, 0x0000000082200000|  0%| F|  |TAMS 0x0000000082100000, 0x0000000082100000| Untracked 
|  34|0x0000000082200000, 0x0000000082200000, 0x0000000082300000|  0%| F|  |TAMS 0x0000000082200000, 0x0000000082200000| Untracked 
|  35|0x0000000082300000, 0x0000000082300000, 0x0000000082400000|  0%| F|  |TAMS 0x0000000082300000, 0x0000000082300000| Untracked 
|  36|0x0000000082400000, 0x0000000082400000, 0x0000000082500000|  0%| F|  |TAMS 0x0000000082400000, 0x0000000082400000| Untracked 
|  37|0x0000000082500000, 0x0000000082500000, 0x0000000082600000|  0%| F|  |TAMS 0x0000000082500000, 0x0000000082500000| Untracked 
|  38|0x0000000082600000, 0x0000000082600000, 0x0000000082700000|  0%| F|  |TAMS 0x0000000082600000, 0x0000000082600000| Untracked 
|  39|0x0000000082700000, 0x0000000082700000, 0x0000000082800000|  0%| F|  |TAMS 0x0000000082700000, 0x0000000082700000| Untracked 
|  40|0x0000000082800000, 0x0000000082800000, 0x0000000082900000|  0%| F|  |TAMS 0x0000000082800000, 0x0000000082800000| Untracked 
|  41|0x0000000082900000, 0x0000000082900000, 0x0000000082a00000|  0%| F|  |TAMS 0x0000000082900000, 0x0000000082900000| Untracked 
|  42|0x0000000082a00000, 0x0000000082a00000, 0x0000000082b00000|  0%| F|  |TAMS 0x0000000082a00000, 0x0000000082a00000| Untracked 
|  43|0x0000000082b00000, 0x0000000082b00000, 0x0000000082c00000|  0%| F|  |TAMS 0x0000000082b00000, 0x0000000082b00000| Untracked 
|  44|0x0000000082c00000, 0x0000000082c00000, 0x0000000082d00000|  0%| F|  |TAMS 0x0000000082c00000, 0x0000000082c00000| Untracked 
|  45|0x0000000082d00000, 0x0000000082d00000, 0x0000000082e00000|  0%| F|  |TAMS 0x0000000082d00000, 0x0000000082d00000| Untracked 
|  46|0x0000000082e00000, 0x0000000082e00000, 0x0000000082f00000|  0%| F|  |TAMS 0x0000000082e00000, 0x0000000082e00000| Untracked 
|  47|0x0000000082f00000, 0x0000000082f00000, 0x0000000083000000|  0%| F|  |TAMS 0x0000000082f00000, 0x0000000082f00000| Untracked 
|  48|0x0000000083000000, 0x0000000083000000, 0x0000000083100000|  0%| F|  |TAMS 0x0000000083000000, 0x0000000083000000| Untracked 
|  49|0x0000000083100000, 0x0000000083100000, 0x0000000083200000|  0%| F|  |TAMS 0x0000000083100000, 0x0000000083100000| Untracked 
|  50|0x0000000083200000, 0x0000000083200000, 0x0000000083300000|  0%| F|  |TAMS 0x0000000083200000, 0x0000000083200000| Untracked 
|  51|0x0000000083300000, 0x0000000083300000, 0x0000000083400000|  0%| F|  |TAMS 0x0000000083300000, 0x0000000083300000| Untracked 
|  52|0x0000000083400000, 0x0000000083400000, 0x0000000083500000|  0%| F|  |TAMS 0x0000000083400000, 0x0000000083400000| Untracked 
|  53|0x0000000083500000, 0x0000000083500000, 0x0000000083600000|  0%| F|  |TAMS 0x0000000083500000, 0x0000000083500000| Untracked 
|  54|0x0000000083600000, 0x0000000083600000, 0x0000000083700000|  0%| F|  |TAMS 0x0000000083600000, 0x0000000083600000| Untracked 
|  55|0x0000000083700000, 0x0000000083700000, 0x0000000083800000|  0%| F|  |TAMS 0x0000000083700000, 0x0000000083700000| Untracked 
|  56|0x0000000083800000, 0x0000000083800000, 0x0000000083900000|  0%| F|  |TAMS 0x0000000083800000, 0x0000000083800000| Untracked 
|  57|0x0000000083900000, 0x0000000083900000, 0x0000000083a00000|  0%| F|  |TAMS 0x0000000083900000, 0x0000000083900000| Untracked 
|  58|0x0000000083a00000, 0x0000000083a00000, 0x0000000083b00000|  0%| F|  |TAMS 0x0000000083a00000, 0x0000000083a00000| Untracked 
|  59|0x0000000083b00000, 0x0000000083b00000, 0x0000000083c00000|  0%| F|  |TAMS 0x0000000083b00000, 0x0000000083b00000| Untracked 
|  60|0x0000000083c00000, 0x0000000083c00000, 0x0000000083d00000|  0%| F|  |TAMS 0x0000000083c00000, 0x0000000083c00000| Untracked 
|  61|0x0000000083d00000, 0x0000000083d00000, 0x0000000083e00000|  0%| F|  |TAMS 0x0000000083d00000, 0x0000000083d00000| Untracked 
|  62|0x0000000083e00000, 0x0000000083e00000, 0x0000000083f00000|  0%| F|  |TAMS 0x0000000083e00000, 0x0000000083e00000| Untracked 
|  63|0x0000000083f00000, 0x0000000083f00000, 0x0000000084000000|  0%| F|  |TAMS 0x0000000083f00000, 0x0000000083f00000| Untracked 
|  64|0x0000000084000000, 0x0000000084000000, 0x0000000084100000|  0%| F|  |TAMS 0x0000000084000000, 0x0000000084000000| Untracked 
|  65|0x0000000084100000, 0x0000000084100000, 0x0000000084200000|  0%| F|  |TAMS 0x0000000084100000, 0x0000000084100000| Untracked 
|  66|0x0000000084200000, 0x0000000084200000, 0x0000000084300000|  0%| F|  |TAMS 0x0000000084200000, 0x0000000084200000| Untracked 
|  67|0x0000000084300000, 0x0000000084300000, 0x0000000084400000|  0%| F|  |TAMS 0x0000000084300000, 0x0000000084300000| Untracked 
|  68|0x0000000084400000, 0x0000000084400000, 0x0000000084500000|  0%| F|  |TAMS 0x0000000084400000, 0x0000000084400000| Untracked 
|  69|0x0000000084500000, 0x0000000084500000, 0x0000000084600000|  0%| F|  |TAMS 0x0000000084500000, 0x0000000084500000| Untracked 
|  70|0x0000000084600000, 0x0000000084600000, 0x0000000084700000|  0%| F|  |TAMS 0x0000000084600000, 0x0000000084600000| Untracked 
|  71|0x0000000084700000, 0x0000000084700000, 0x0000000084800000|  0%| F|  |TAMS 0x0000000084700000, 0x0000000084700000| Untracked 
|  72|0x0000000084800000, 0x0000000084800000, 0x0000000084900000|  0%| F|  |TAMS 0x0000000084800000, 0x0000000084800000| Untracked 
|  73|0x0000000084900000, 0x0000000084900000, 0x0000000084a00000|  0%| F|  |TAMS 0x0000000084900000, 0x0000000084900000| Untracked 
|  74|0x0000000084a00000, 0x0000000084a00000, 0x0000000084b00000|  0%| F|  |TAMS 0x0000000084a00000, 0x0000000084a00000| Untracked 
|  75|0x0000000084b00000, 0x0000000084b00000, 0x0000000084c00000|  0%| F|  |TAMS 0x0000000084b00000, 0x0000000084b00000| Untracked 
|  76|0x0000000084c00000, 0x0000000084c00000, 0x0000000084d00000|  0%| F|  |TAMS 0x0000000084c00000, 0x0000000084c00000| Untracked 
|  77|0x0000000084d00000, 0x0000000084d00000, 0x0000000084e00000|  0%| F|  |TAMS 0x0000000084d00000, 0x0000000084d00000| Untracked 
|  78|0x0000000084e00000, 0x0000000084e00000, 0x0000000084f00000|  0%| F|  |TAMS 0x0000000084e00000, 0x0000000084e00000| Untracked 
|  79|0x0000000084f00000, 0x0000000084f00000, 0x0000000085000000|  0%| F|  |TAMS 0x0000000084f00000, 0x0000000084f00000| Untracked 
|  80|0x0000000085000000, 0x0000000085000000, 0x0000000085100000|  0%| F|  |TAMS 0x0000000085000000, 0x0000000085000000| Untracked 
|  81|0x0000000085100000, 0x0000000085100000, 0x0000000085200000|  0%| F|  |TAMS 0x0000000085100000, 0x0000000085100000| Untracked 
|  82|0x0000000085200000, 0x0000000085200000, 0x0000000085300000|  0%| F|  |TAMS 0x0000000085200000, 0x0000000085200000| Untracked 
|  83|0x0000000085300000, 0x0000000085300000, 0x0000000085400000|  0%| F|  |TAMS 0x0000000085300000, 0x0000000085300000| Untracked 
|  84|0x0000000085400000, 0x0000000085400000, 0x0000000085500000|  0%| F|  |TAMS 0x0000000085400000, 0x0000000085400000| Untracked 
|  85|0x0000000085500000, 0x0000000085500000, 0x0000000085600000|  0%| F|  |TAMS 0x0000000085500000, 0x0000000085500000| Untracked 
|  86|0x0000000085600000, 0x0000000085600000, 0x0000000085700000|  0%| F|  |TAMS 0x0000000085600000, 0x0000000085600000| Untracked 
|  87|0x0000000085700000, 0x0000000085700000, 0x0000000085800000|  0%| F|  |TAMS 0x0000000085700000, 0x0000000085700000| Untracked 
|  88|0x0000000085800000, 0x0000000085800000, 0x0000000085900000|  0%| F|  |TAMS 0x0000000085800000, 0x0000000085800000| Untracked 
|  89|0x0000000085900000, 0x0000000085900000, 0x0000000085a00000|  0%| F|  |TAMS 0x0000000085900000, 0x0000000085900000| Untracked 
|  90|0x0000000085a00000, 0x0000000085a00000, 0x0000000085b00000|  0%| F|  |TAMS 0x0000000085a00000, 0x0000000085a00000| Untracked 
|  91|0x0000000085b00000, 0x0000000085b00000, 0x0000000085c00000|  0%| F|  |TAMS 0x0000000085b00000, 0x0000000085b00000| Untracked 
|  92|0x0000000085c00000, 0x0000000085c00000, 0x0000000085d00000|  0%| F|  |TAMS 0x0000000085c00000, 0x0000000085c00000| Untracked 
|  93|0x0000000085d00000, 0x0000000085d00000, 0x0000000085e00000|  0%| F|  |TAMS 0x0000000085d00000, 0x0000000085d00000| Untracked 
|  94|0x0000000085e00000, 0x0000000085e00000, 0x0000000085f00000|  0%| F|  |TAMS 0x0000000085e00000, 0x0000000085e00000| Untracked 
|  95|0x0000000085f00000, 0x0000000085f00000, 0x0000000086000000|  0%| F|  |TAMS 0x0000000085f00000, 0x0000000085f00000| Untracked 
|  96|0x0000000086000000, 0x0000000086000000, 0x0000000086100000|  0%| F|  |TAMS 0x0000000086000000, 0x0000000086000000| Untracked 
|  97|0x0000000086100000, 0x0000000086100000, 0x0000000086200000|  0%| F|  |TAMS 0x0000000086100000, 0x0000000086100000| Untracked 
|  98|0x0000000086200000, 0x0000000086200000, 0x0000000086300000|  0%| F|  |TAMS 0x0000000086200000, 0x0000000086200000| Untracked 
|  99|0x0000000086300000, 0x0000000086300000, 0x0000000086400000|  0%| F|  |TAMS 0x0000000086300000, 0x0000000086300000| Untracked 
| 100|0x0000000086400000, 0x0000000086400000, 0x0000000086500000|  0%| F|  |TAMS 0x0000000086400000, 0x0000000086400000| Untracked 
| 101|0x0000000086500000, 0x0000000086500000, 0x0000000086600000|  0%| F|  |TAMS 0x0000000086500000, 0x0000000086500000| Untracked 
| 102|0x0000000086600000, 0x0000000086600000, 0x0000000086700000|  0%| F|  |TAMS 0x0000000086600000, 0x0000000086600000| Untracked 
| 103|0x0000000086700000, 0x0000000086700000, 0x0000000086800000|  0%| F|  |TAMS 0x0000000086700000, 0x0000000086700000| Untracked 
| 104|0x0000000086800000, 0x0000000086800000, 0x0000000086900000|  0%| F|  |TAMS 0x0000000086800000, 0x0000000086800000| Untracked 
| 105|0x0000000086900000, 0x0000000086900000, 0x0000000086a00000|  0%| F|  |TAMS 0x0000000086900000, 0x0000000086900000| Untracked 
| 106|0x0000000086a00000, 0x0000000086a00000, 0x0000000086b00000|  0%| F|  |TAMS 0x0000000086a00000, 0x0000000086a00000| Untracked 
| 107|0x0000000086b00000, 0x0000000086b00000, 0x0000000086c00000|  0%| F|  |TAMS 0x0000000086b00000, 0x0000000086b00000| Untracked 
| 108|0x0000000086c00000, 0x0000000086c00000, 0x0000000086d00000|  0%| F|  |TAMS 0x0000000086c00000, 0x0000000086c00000| Untracked 
| 109|0x0000000086d00000, 0x0000000086d00000, 0x0000000086e00000|  0%| F|  |TAMS 0x0000000086d00000, 0x0000000086d00000| Untracked 
| 110|0x0000000086e00000, 0x0000000086e00000, 0x0000000086f00000|  0%| F|  |TAMS 0x0000000086e00000, 0x0000000086e00000| Untracked 
| 111|0x0000000086f00000, 0x0000000086f00000, 0x0000000087000000|  0%| F|  |TAMS 0x0000000086f00000, 0x0000000086f00000| Untracked 
| 112|0x0000000087000000, 0x0000000087000000, 0x0000000087100000|  0%| F|  |TAMS 0x0000000087000000, 0x0000000087000000| Untracked 
| 113|0x0000000087100000, 0x0000000087100000, 0x0000000087200000|  0%| F|  |TAMS 0x0000000087100000, 0x0000000087100000| Untracked 
| 114|0x0000000087200000, 0x0000000087200000, 0x0000000087300000|  0%| F|  |TAMS 0x0000000087200000, 0x0000000087200000| Untracked 
| 115|0x0000000087300000, 0x0000000087300000, 0x0000000087400000|  0%| F|  |TAMS 0x0000000087300000, 0x0000000087300000| Untracked 
| 116|0x0000000087400000, 0x0000000087400000, 0x0000000087500000|  0%| F|  |TAMS 0x0000000087400000, 0x0000000087400000| Untracked 
| 117|0x0000000087500000, 0x0000000087500000, 0x0000000087600000|  0%| F|  |TAMS 0x0000000087500000, 0x0000000087500000| Untracked 
| 118|0x0000000087600000, 0x0000000087600000, 0x0000000087700000|  0%| F|  |TAMS 0x0000000087600000, 0x0000000087600000| Untracked 
| 119|0x0000000087700000, 0x0000000087700000, 0x0000000087800000|  0%| F|  |TAMS 0x0000000087700000, 0x0000000087700000| Untracked 
| 120|0x0000000087800000, 0x0000000087800000, 0x0000000087900000|  0%| F|  |TAMS 0x0000000087800000, 0x0000000087800000| Untracked 
| 121|0x0000000087900000, 0x0000000087900000, 0x0000000087a00000|  0%| F|  |TAMS 0x0000000087900000, 0x0000000087900000| Untracked 
| 122|0x0000000087a00000, 0x0000000087a00000, 0x0000000087b00000|  0%| F|  |TAMS 0x0000000087a00000, 0x0000000087a00000| Untracked 
| 123|0x0000000087b00000, 0x0000000087b00000, 0x0000000087c00000|  0%| F|  |TAMS 0x0000000087b00000, 0x0000000087b00000| Untracked 
| 124|0x0000000087c00000, 0x0000000087c00000, 0x0000000087d00000|  0%| F|  |TAMS 0x0000000087c00000, 0x0000000087c00000| Untracked 
| 125|0x0000000087d00000, 0x0000000087d00000, 0x0000000087e00000|  0%| F|  |TAMS 0x0000000087d00000, 0x0000000087d00000| Untracked 
| 126|0x0000000087e00000, 0x0000000087e00000, 0x0000000087f00000|  0%| F|  |TAMS 0x0000000087e00000, 0x0000000087e00000| Untracked 
| 127|0x0000000087f00000, 0x0000000087f00000, 0x0000000088000000|  0%| F|  |TAMS 0x0000000087f00000, 0x0000000087f00000| Untracked 
| 128|0x0000000088000000, 0x0000000088000000, 0x0000000088100000|  0%| F|  |TAMS 0x0000000088000000, 0x0000000088000000| Untracked 
| 129|0x0000000088100000, 0x0000000088100000, 0x0000000088200000|  0%| F|  |TAMS 0x0000000088100000, 0x0000000088100000| Untracked 
| 130|0x0000000088200000, 0x0000000088200000, 0x0000000088300000|  0%| F|  |TAMS 0x0000000088200000, 0x0000000088200000| Untracked 
| 131|0x0000000088300000, 0x0000000088300000, 0x0000000088400000|  0%| F|  |TAMS 0x0000000088300000, 0x0000000088300000| Untracked 
| 132|0x0000000088400000, 0x0000000088400000, 0x0000000088500000|  0%| F|  |TAMS 0x0000000088400000, 0x0000000088400000| Untracked 
| 133|0x0000000088500000, 0x0000000088500000, 0x0000000088600000|  0%| F|  |TAMS 0x0000000088500000, 0x0000000088500000| Untracked 
| 134|0x0000000088600000, 0x0000000088600000, 0x0000000088700000|  0%| F|  |TAMS 0x0000000088600000, 0x0000000088600000| Untracked 
| 135|0x0000000088700000, 0x0000000088700000, 0x0000000088800000|  0%| F|  |TAMS 0x0000000088700000, 0x0000000088700000| Untracked 
| 136|0x0000000088800000, 0x0000000088800000, 0x0000000088900000|  0%| F|  |TAMS 0x0000000088800000, 0x0000000088800000| Untracked 
| 137|0x0000000088900000, 0x0000000088900000, 0x0000000088a00000|  0%| F|  |TAMS 0x0000000088900000, 0x0000000088900000| Untracked 
| 138|0x0000000088a00000, 0x0000000088a00000, 0x0000000088b00000|  0%| F|  |TAMS 0x0000000088a00000, 0x0000000088a00000| Untracked 
| 139|0x0000000088b00000, 0x0000000088b00000, 0x0000000088c00000|  0%| F|  |TAMS 0x0000000088b00000, 0x0000000088b00000| Untracked 
| 140|0x0000000088c00000, 0x0000000088c00000, 0x0000000088d00000|  0%| F|  |TAMS 0x0000000088c00000, 0x0000000088c00000| Untracked 
| 141|0x0000000088d00000, 0x0000000088d00000, 0x0000000088e00000|  0%| F|  |TAMS 0x0000000088d00000, 0x0000000088d00000| Untracked 
| 142|0x0000000088e00000, 0x0000000088e00000, 0x0000000088f00000|  0%| F|  |TAMS 0x0000000088e00000, 0x0000000088e00000| Untracked 
| 143|0x0000000088f00000, 0x0000000088f00000, 0x0000000089000000|  0%| F|  |TAMS 0x0000000088f00000, 0x0000000088f00000| Untracked 
| 144|0x0000000089000000, 0x0000000089000000, 0x0000000089100000|  0%| F|  |TAMS 0x0000000089000000, 0x0000000089000000| Untracked 
| 145|0x0000000089100000, 0x0000000089100000, 0x0000000089200000|  0%| F|  |TAMS 0x0000000089100000, 0x0000000089100000| Untracked 
| 146|0x0000000089200000, 0x0000000089200000, 0x0000000089300000|  0%| F|  |TAMS 0x0000000089200000, 0x0000000089200000| Untracked 
| 147|0x0000000089300000, 0x0000000089300000, 0x0000000089400000|  0%| F|  |TAMS 0x0000000089300000, 0x0000000089300000| Untracked 
| 148|0x0000000089400000, 0x0000000089400000, 0x0000000089500000|  0%| F|  |TAMS 0x0000000089400000, 0x0000000089400000| Untracked 
| 149|0x0000000089500000, 0x0000000089500000, 0x0000000089600000|  0%| F|  |TAMS 0x0000000089500000, 0x0000000089500000| Untracked 
| 150|0x0000000089600000, 0x0000000089600000, 0x0000000089700000|  0%| F|  |TAMS 0x0000000089600000, 0x0000000089600000| Untracked 
| 151|0x0000000089700000, 0x0000000089700000, 0x0000000089800000|  0%| F|  |TAMS 0x0000000089700000, 0x0000000089700000| Untracked 
| 152|0x0000000089800000, 0x0000000089800000, 0x0000000089900000|  0%| F|  |TAMS 0x0000000089800000, 0x0000000089800000| Untracked 
| 153|0x0000000089900000, 0x0000000089900000, 0x0000000089a00000|  0%| F|  |TAMS 0x0000000089900000, 0x0000000089900000| Untracked 
| 154|0x0000000089a00000, 0x0000000089a00000, 0x0000000089b00000|  0%| F|  |TAMS 0x0000000089a00000, 0x0000000089a00000| Untracked 
| 155|0x0000000089b00000, 0x0000000089b00000, 0x0000000089c00000|  0%| F|  |TAMS 0x0000000089b00000, 0x0000000089b00000| Untracked 
| 156|0x0000000089c00000, 0x0000000089c00000, 0x0000000089d00000|  0%| F|  |TAMS 0x0000000089c00000, 0x0000000089c00000| Untracked 
| 157|0x0000000089d00000, 0x0000000089d00000, 0x0000000089e00000|  0%| F|  |TAMS 0x0000000089d00000, 0x0000000089d00000| Untracked 
| 158|0x0000000089e00000, 0x0000000089e00000, 0x0000000089f00000|  0%| F|  |TAMS 0x0000000089e00000, 0x0000000089e00000| Untracked 
| 159|0x0000000089f00000, 0x0000000089f00000, 0x000000008a000000|  0%| F|  |TAMS 0x0000000089f00000, 0x0000000089f00000| Untracked 
| 160|0x000000008a000000, 0x000000008a000000, 0x000000008a100000|  0%| F|  |TAMS 0x000000008a000000, 0x000000008a000000| Untracked 
| 161|0x000000008a100000, 0x000000008a100000, 0x000000008a200000|  0%| F|  |TAMS 0x000000008a100000, 0x000000008a100000| Untracked 
| 162|0x000000008a200000, 0x000000008a200000, 0x000000008a300000|  0%| F|  |TAMS 0x000000008a200000, 0x000000008a200000| Untracked 
| 163|0x000000008a300000, 0x000000008a300000, 0x000000008a400000|  0%| F|  |TAMS 0x000000008a300000, 0x000000008a300000| Untracked 
| 164|0x000000008a400000, 0x000000008a400000, 0x000000008a500000|  0%| F|  |TAMS 0x000000008a400000, 0x000000008a400000| Untracked 
| 165|0x000000008a500000, 0x000000008a500000, 0x000000008a600000|  0%| F|  |TAMS 0x000000008a500000, 0x000000008a500000| Untracked 
| 166|0x000000008a600000, 0x000000008a600000, 0x000000008a700000|  0%| F|  |TAMS 0x000000008a600000, 0x000000008a600000| Untracked 
| 167|0x000000008a700000, 0x000000008a700000, 0x000000008a800000|  0%| F|  |TAMS 0x000000008a700000, 0x000000008a700000| Untracked 
| 168|0x000000008a800000, 0x000000008a800000, 0x000000008a900000|  0%| F|  |TAMS 0x000000008a800000, 0x000000008a800000| Untracked 
| 169|0x000000008a900000, 0x000000008a900000, 0x000000008aa00000|  0%| F|  |TAMS 0x000000008a900000, 0x000000008a900000| Untracked 
| 170|0x000000008aa00000, 0x000000008aa00000, 0x000000008ab00000|  0%| F|  |TAMS 0x000000008aa00000, 0x000000008aa00000| Untracked 
| 171|0x000000008ab00000, 0x000000008ab00000, 0x000000008ac00000|  0%| F|  |TAMS 0x000000008ab00000, 0x000000008ab00000| Untracked 
| 172|0x000000008ac00000, 0x000000008ac00000, 0x000000008ad00000|  0%| F|  |TAMS 0x000000008ac00000, 0x000000008ac00000| Untracked 
| 173|0x000000008ad00000, 0x000000008ad00000, 0x000000008ae00000|  0%| F|  |TAMS 0x000000008ad00000, 0x000000008ad00000| Untracked 
| 174|0x000000008ae00000, 0x000000008ae00000, 0x000000008af00000|  0%| F|  |TAMS 0x000000008ae00000, 0x000000008ae00000| Untracked 
| 175|0x000000008af00000, 0x000000008af00000, 0x000000008b000000|  0%| F|  |TAMS 0x000000008af00000, 0x000000008af00000| Untracked 
| 176|0x000000008b000000, 0x000000008b000000, 0x000000008b100000|  0%| F|  |TAMS 0x000000008b000000, 0x000000008b000000| Untracked 
| 177|0x000000008b100000, 0x000000008b100000, 0x000000008b200000|  0%| F|  |TAMS 0x000000008b100000, 0x000000008b100000| Untracked 
| 178|0x000000008b200000, 0x000000008b200000, 0x000000008b300000|  0%| F|  |TAMS 0x000000008b200000, 0x000000008b200000| Untracked 
| 179|0x000000008b300000, 0x000000008b300000, 0x000000008b400000|  0%| F|  |TAMS 0x000000008b300000, 0x000000008b300000| Untracked 
| 180|0x000000008b400000, 0x000000008b400000, 0x000000008b500000|  0%| F|  |TAMS 0x000000008b400000, 0x000000008b400000| Untracked 
| 181|0x000000008b500000, 0x000000008b500000, 0x000000008b600000|  0%| F|  |TAMS 0x000000008b500000, 0x000000008b500000| Untracked 
| 182|0x000000008b600000, 0x000000008b600000, 0x000000008b700000|  0%| F|  |TAMS 0x000000008b600000, 0x000000008b600000| Untracked 
| 183|0x000000008b700000, 0x000000008b700000, 0x000000008b800000|  0%| F|  |TAMS 0x000000008b700000, 0x000000008b700000| Untracked 
| 184|0x000000008b800000, 0x000000008b800000, 0x000000008b900000|  0%| F|  |TAMS 0x000000008b800000, 0x000000008b800000| Untracked 
| 185|0x000000008b900000, 0x000000008b900000, 0x000000008ba00000|  0%| F|  |TAMS 0x000000008b900000, 0x000000008b900000| Untracked 
| 186|0x000000008ba00000, 0x000000008ba00000, 0x000000008bb00000|  0%| F|  |TAMS 0x000000008ba00000, 0x000000008ba00000| Untracked 
| 187|0x000000008bb00000, 0x000000008bb00000, 0x000000008bc00000|  0%| F|  |TAMS 0x000000008bb00000, 0x000000008bb00000| Untracked 
| 188|0x000000008bc00000, 0x000000008bc00000, 0x000000008bd00000|  0%| F|  |TAMS 0x000000008bc00000, 0x000000008bc00000| Untracked 
| 189|0x000000008bd00000, 0x000000008bd00000, 0x000000008be00000|  0%| F|  |TAMS 0x000000008bd00000, 0x000000008bd00000| Untracked 
| 190|0x000000008be00000, 0x000000008be00000, 0x000000008bf00000|  0%| F|  |TAMS 0x000000008be00000, 0x000000008be00000| Untracked 
| 191|0x000000008bf00000, 0x000000008bf00000, 0x000000008c000000|  0%| F|  |TAMS 0x000000008bf00000, 0x000000008bf00000| Untracked 
| 192|0x000000008c000000, 0x000000008c000000, 0x000000008c100000|  0%| F|  |TAMS 0x000000008c000000, 0x000000008c000000| Untracked 
| 193|0x000000008c100000, 0x000000008c100000, 0x000000008c200000|  0%| F|  |TAMS 0x000000008c100000, 0x000000008c100000| Untracked 
| 194|0x000000008c200000, 0x000000008c200000, 0x000000008c300000|  0%| F|  |TAMS 0x000000008c200000, 0x000000008c200000| Untracked 
| 195|0x000000008c300000, 0x000000008c300000, 0x000000008c400000|  0%| F|  |TAMS 0x000000008c300000, 0x000000008c300000| Untracked 
| 196|0x000000008c400000, 0x000000008c400000, 0x000000008c500000|  0%| F|  |TAMS 0x000000008c400000, 0x000000008c400000| Untracked 
| 197|0x000000008c500000, 0x000000008c500000, 0x000000008c600000|  0%| F|  |TAMS 0x000000008c500000, 0x000000008c500000| Untracked 
| 198|0x000000008c600000, 0x000000008c600000, 0x000000008c700000|  0%| F|  |TAMS 0x000000008c600000, 0x000000008c600000| Untracked 
| 199|0x000000008c700000, 0x000000008c700000, 0x000000008c800000|  0%| F|  |TAMS 0x000000008c700000, 0x000000008c700000| Untracked 
| 200|0x000000008c800000, 0x000000008c800000, 0x000000008c900000|  0%| F|  |TAMS 0x000000008c800000, 0x000000008c800000| Untracked 
| 201|0x000000008c900000, 0x000000008c900000, 0x000000008ca00000|  0%| F|  |TAMS 0x000000008c900000, 0x000000008c900000| Untracked 
| 202|0x000000008ca00000, 0x000000008ca00000, 0x000000008cb00000|  0%| F|  |TAMS 0x000000008ca00000, 0x000000008ca00000| Untracked 
| 203|0x000000008cb00000, 0x000000008cb00000, 0x000000008cc00000|  0%| F|  |TAMS 0x000000008cb00000, 0x000000008cb00000| Untracked 
| 204|0x000000008cc00000, 0x000000008cc00000, 0x000000008cd00000|  0%| F|  |TAMS 0x000000008cc00000, 0x000000008cc00000| Untracked 
| 205|0x000000008cd00000, 0x000000008cd00000, 0x000000008ce00000|  0%| F|  |TAMS 0x000000008cd00000, 0x000000008cd00000| Untracked 
| 206|0x000000008ce00000, 0x000000008ce00000, 0x000000008cf00000|  0%| F|  |TAMS 0x000000008ce00000, 0x000000008ce00000| Untracked 
| 207|0x000000008cf00000, 0x000000008cf00000, 0x000000008d000000|  0%| F|  |TAMS 0x000000008cf00000, 0x000000008cf00000| Untracked 
| 208|0x000000008d000000, 0x000000008d000000, 0x000000008d100000|  0%| F|  |TAMS 0x000000008d000000, 0x000000008d000000| Untracked 
| 209|0x000000008d100000, 0x000000008d100000, 0x000000008d200000|  0%| F|  |TAMS 0x000000008d100000, 0x000000008d100000| Untracked 
| 210|0x000000008d200000, 0x000000008d200000, 0x000000008d300000|  0%| F|  |TAMS 0x000000008d200000, 0x000000008d200000| Untracked 
| 211|0x000000008d300000, 0x000000008d300000, 0x000000008d400000|  0%| F|  |TAMS 0x000000008d300000, 0x000000008d300000| Untracked 
| 212|0x000000008d400000, 0x000000008d400000, 0x000000008d500000|  0%| F|  |TAMS 0x000000008d400000, 0x000000008d400000| Untracked 
| 213|0x000000008d500000, 0x000000008d500000, 0x000000008d600000|  0%| F|  |TAMS 0x000000008d500000, 0x000000008d500000| Untracked 
| 214|0x000000008d600000, 0x000000008d600000, 0x000000008d700000|  0%| F|  |TAMS 0x000000008d600000, 0x000000008d600000| Untracked 
| 215|0x000000008d700000, 0x000000008d700000, 0x000000008d800000|  0%| F|  |TAMS 0x000000008d700000, 0x000000008d700000| Untracked 
| 216|0x000000008d800000, 0x000000008d800000, 0x000000008d900000|  0%| F|  |TAMS 0x000000008d800000, 0x000000008d800000| Untracked 
| 217|0x000000008d900000, 0x000000008d900000, 0x000000008da00000|  0%| F|  |TAMS 0x000000008d900000, 0x000000008d900000| Untracked 
| 218|0x000000008da00000, 0x000000008da00000, 0x000000008db00000|  0%| F|  |TAMS 0x000000008da00000, 0x000000008da00000| Untracked 
| 219|0x000000008db00000, 0x000000008db00000, 0x000000008dc00000|  0%| F|  |TAMS 0x000000008db00000, 0x000000008db00000| Untracked 
| 220|0x000000008dc00000, 0x000000008dc00000, 0x000000008dd00000|  0%| F|  |TAMS 0x000000008dc00000, 0x000000008dc00000| Untracked 
| 221|0x000000008dd00000, 0x000000008dd00000, 0x000000008de00000|  0%| F|  |TAMS 0x000000008dd00000, 0x000000008dd00000| Untracked 
| 222|0x000000008de00000, 0x000000008de00000, 0x000000008df00000|  0%| F|  |TAMS 0x000000008de00000, 0x000000008de00000| Untracked 
| 223|0x000000008df00000, 0x000000008df00000, 0x000000008e000000|  0%| F|  |TAMS 0x000000008df00000, 0x000000008df00000| Untracked 
| 224|0x000000008e000000, 0x000000008e000000, 0x000000008e100000|  0%| F|  |TAMS 0x000000008e000000, 0x000000008e000000| Untracked 
| 225|0x000000008e100000, 0x000000008e100000, 0x000000008e200000|  0%| F|  |TAMS 0x000000008e100000, 0x000000008e100000| Untracked 
| 226|0x000000008e200000, 0x000000008e200000, 0x000000008e300000|  0%| F|  |TAMS 0x000000008e200000, 0x000000008e200000| Untracked 
| 227|0x000000008e300000, 0x000000008e300000, 0x000000008e400000|  0%| F|  |TAMS 0x000000008e300000, 0x000000008e300000| Untracked 
| 228|0x000000008e400000, 0x000000008e400000, 0x000000008e500000|  0%| F|  |TAMS 0x000000008e400000, 0x000000008e400000| Untracked 
| 229|0x000000008e500000, 0x000000008e500000, 0x000000008e600000|  0%| F|  |TAMS 0x000000008e500000, 0x000000008e500000| Untracked 
| 230|0x000000008e600000, 0x000000008e600000, 0x000000008e700000|  0%| F|  |TAMS 0x000000008e600000, 0x000000008e600000| Untracked 
| 231|0x000000008e700000, 0x000000008e700000, 0x000000008e800000|  0%| F|  |TAMS 0x000000008e700000, 0x000000008e700000| Untracked 
| 232|0x000000008e800000, 0x000000008e800000, 0x000000008e900000|  0%| F|  |TAMS 0x000000008e800000, 0x000000008e800000| Untracked 
| 233|0x000000008e900000, 0x000000008e900000, 0x000000008ea00000|  0%| F|  |TAMS 0x000000008e900000, 0x000000008e900000| Untracked 
| 234|0x000000008ea00000, 0x000000008ea00000, 0x000000008eb00000|  0%| F|  |TAMS 0x000000008ea00000, 0x000000008ea00000| Untracked 
| 235|0x000000008eb00000, 0x000000008ebf3f68, 0x000000008ec00000| 95%| E|  |TAMS 0x000000008eb00000, 0x000000008eb00000| Complete 
| 236|0x000000008ec00000, 0x000000008ed00000, 0x000000008ed00000|100%| E|  |TAMS 0x000000008ec00000, 0x000000008ec00000| Complete 
| 237|0x000000008ed00000, 0x000000008ee00000, 0x000000008ee00000|100%| E|CS|TAMS 0x000000008ed00000, 0x000000008ed00000| Complete 
| 238|0x000000008ee00000, 0x000000008ef00000, 0x000000008ef00000|100%| E|CS|TAMS 0x000000008ee00000, 0x000000008ee00000| Complete 
| 239|0x000000008ef00000, 0x000000008f000000, 0x000000008f000000|100%| E|CS|TAMS 0x000000008ef00000, 0x000000008ef00000| Complete 
| 240|0x000000008f000000, 0x000000008f100000, 0x000000008f100000|100%| E|CS|TAMS 0x000000008f000000, 0x000000008f000000| Complete 
| 241|0x000000008f100000, 0x000000008f200000, 0x000000008f200000|100%| E|CS|TAMS 0x000000008f100000, 0x000000008f100000| Complete 
| 242|0x000000008f200000, 0x000000008f300000, 0x000000008f300000|100%| E|CS|TAMS 0x000000008f200000, 0x000000008f200000| Complete 
| 243|0x000000008f300000, 0x000000008f400000, 0x000000008f400000|100%| E|CS|TAMS 0x000000008f300000, 0x000000008f300000| Complete 
| 244|0x000000008f400000, 0x000000008f500000, 0x000000008f500000|100%| E|CS|TAMS 0x000000008f400000, 0x000000008f400000| Complete 
| 245|0x000000008f500000, 0x000000008f600000, 0x000000008f600000|100%| E|CS|TAMS 0x000000008f500000, 0x000000008f500000| Complete 
| 246|0x000000008f600000, 0x000000008f700000, 0x000000008f700000|100%| E|CS|TAMS 0x000000008f600000, 0x000000008f600000| Complete 
| 247|0x000000008f700000, 0x000000008f800000, 0x000000008f800000|100%| E|CS|TAMS 0x000000008f700000, 0x000000008f700000| Complete 
| 248|0x000000008f800000, 0x000000008f900000, 0x000000008f900000|100%| E|CS|TAMS 0x000000008f800000, 0x000000008f800000| Complete 
| 249|0x000000008f900000, 0x000000008fa00000, 0x000000008fa00000|100%| E|CS|TAMS 0x000000008f900000, 0x000000008f900000| Complete 
| 250|0x000000008fa00000, 0x000000008fb00000, 0x000000008fb00000|100%| E|CS|TAMS 0x000000008fa00000, 0x000000008fa00000| Complete 
| 251|0x000000008fb00000, 0x000000008fc00000, 0x000000008fc00000|100%| E|CS|TAMS 0x000000008fb00000, 0x000000008fb00000| Complete 
| 252|0x000000008fc00000, 0x000000008fd00000, 0x000000008fd00000|100%| E|CS|TAMS 0x000000008fc00000, 0x000000008fc00000| Complete 
| 253|0x000000008fd00000, 0x000000008fe00000, 0x000000008fe00000|100%| E|CS|TAMS 0x000000008fd00000, 0x000000008fd00000| Complete 

Card table byte_map: [0x0000013b4c9d0000,0x0000013b4cdd0000] _byte_map_base: 0x0000013b4c5d0000

Marking Bits (Prev, Next): (CMBitMap*) 0x0000013b37cb8270, (CMBitMap*) 0x0000013b37cb82b0
 Prev Bits: [0x0000013b4d1d0000, 0x0000013b4f1d0000)
 Next Bits: [0x0000013b4f1d0000, 0x0000013b511d0000)

Polling page: 0x0000013b37cf0000

Metaspace:

Usage:
  Non-class:      5.90 MB used.
      Class:    505.10 KB used.
       Both:      6.40 MB used.

Virtual space:
  Non-class space:       64.00 MB reserved,       5.94 MB (  9%) committed,  1 nodes.
      Class space:        1.00 GB reserved,     576.00 KB ( <1%) committed,  1 nodes.
             Both:        1.06 GB reserved,       6.50 MB ( <1%) committed. 

Chunk freelists:
   Non-Class:  10.03 MB
       Class:  15.25 MB
        Both:  25.28 MB

MaxMetaspaceSize: unlimited
CompressedClassSpaceSize: 1.00 GB
Initial GC threshold: 21.00 MB
Current GC threshold: 21.00 MB
CDS: off
MetaspaceReclaimPolicy: balanced
 - commit_granule_bytes: 65536.
 - commit_granule_words: 8192.
 - virtual_space_node_default_size: 8388608.
 - enlarge_chunks_in_place: 1.
 - new_chunks_are_fully_committed: 0.
 - uncommit_free_chunks: 1.
 - use_allocation_guard: 0.
 - handle_deallocations: 1.


Internal statistics:

num_allocs_failed_limit: 0.
num_arena_births: 4.
num_arena_deaths: 0.
num_vsnodes_births: 2.
num_vsnodes_deaths: 0.
num_space_committed: 104.
num_space_uncommitted: 0.
num_chunks_returned_to_freelist: 0.
num_chunks_taken_from_freelist: 29.
num_chunk_merges: 0.
num_chunk_splits: 15.
num_chunks_enlarged: 10.
num_inconsistent_stats: 0.

CodeHeap 'non-profiled nmethods': size=120000Kb used=175Kb max_used=175Kb free=119825Kb
 bounds [0x0000013b44720000, 0x0000013b44990000, 0x0000013b4bc50000]
CodeHeap 'profiled nmethods': size=120000Kb used=912Kb max_used=912Kb free=119087Kb
 bounds [0x0000013b3cc50000, 0x0000013b3cec0000, 0x0000013b44180000]
CodeHeap 'non-nmethods': size=5760Kb used=1435Kb max_used=1453Kb free=4324Kb
 bounds [0x0000013b44180000, 0x0000013b443f0000, 0x0000013b44720000]
 total_blobs=936 nmethods=476 adapters=373
 compilation: enabled
              stopped_count=0, restarted_count=0
 full_count=0

Compilation events (20 events):
Event: 2.792 Thread 0x0000013b580c1180  454       3       java.lang.StringLatin1::getChars (12 bytes)
Event: 2.793 Thread 0x0000013b580c1180 nmethod 454 0x0000013b3cd33210 code [0x0000013b3cd333a0, 0x0000013b3cd334c8]
Event: 2.793 Thread 0x0000013b580c1180  458       1       java.lang.Class::getClassLoader0 (5 bytes)
Event: 2.793 Thread 0x0000013b580c1180 nmethod 458 0x0000013b44746d10 code [0x0000013b44746ea0, 0x0000013b44746f78]
Event: 2.796 Thread 0x0000013b580c1180  462       1       java.lang.Enum::ordinal (5 bytes)
Event: 2.796 Thread 0x0000013b580c1180 nmethod 462 0x0000013b44747610 code [0x0000013b447477a0, 0x0000013b44747878]
Event: 2.805 Thread 0x0000013b580bfc60 nmethod 452% 0x0000013b44747910 code [0x0000013b44747aa0, 0x0000013b44747f98]
Event: 2.805 Thread 0x0000013b580bfc60  455   !   4       java.util.zip.ZipFile$Source::getEntryPos (173 bytes)
Event: 2.812 Thread 0x0000013b580c1180  466       3       java.util.Optional::<init> (10 bytes)
Event: 2.813 Thread 0x0000013b580c1180 nmethod 466 0x0000013b3cd33590 code [0x0000013b3cd33720, 0x0000013b3cd338d8]
Event: 2.813 Thread 0x0000013b580c1180  467       3       java.lang.ref.WeakReference::<init> (7 bytes)
Event: 2.813 Thread 0x0000013b580c1180 nmethod 467 0x0000013b3cd33990 code [0x0000013b3cd33b40, 0x0000013b3cd33e18]
Event: 2.818 Thread 0x0000013b580c1180  470       1       java.lang.invoke.MethodType::returnType (5 bytes)
Event: 2.818 Thread 0x0000013b580c1180 nmethod 470 0x0000013b44749110 code [0x0000013b447492a0, 0x0000013b44749378]
Event: 2.821 Thread 0x0000013b580c1180  473       3       java.lang.invoke.MemberName::testFlags (16 bytes)
Event: 2.822 Thread 0x0000013b580c1180 nmethod 473 0x0000013b3cd33f10 code [0x0000013b3cd340a0, 0x0000013b3cd34218]
Event: 2.828 Thread 0x0000013b580c1180  476       3       java.lang.invoke.MethodTypeForm::canonicalize (74 bytes)
Event: 2.833 Thread 0x0000013b580bfc60 nmethod 455 0x0000013b4474a310 code [0x0000013b4474a500, 0x0000013b4474b0a8]
Event: 2.834 Thread 0x0000013b580bfc60  456       4       java.util.zip.ZipFile::ensureOpen (40 bytes)
Event: 2.834 Thread 0x0000013b580bfc60 nmethod 456 0x0000013b4474b910 code [0x0000013b4474ba80, 0x0000013b4474bb38]

GC Heap History (0 events):
No events

Dll operation events (4 events):
Event: 0.050 Loaded shared library C:\Users\albar\.katalon\packages\KS-9.7.5\jre\bin\java.dll
Event: 0.668 Loaded shared library C:\Users\albar\.katalon\packages\KS-9.7.5\jre\bin\net.dll
Event: 0.673 Loaded shared library C:\Users\albar\.katalon\packages\KS-9.7.5\jre\bin\nio.dll
Event: 0.705 Loaded shared library C:\Users\albar\.katalon\packages\KS-9.7.5\jre\bin\zip.dll

Deoptimization events (20 events):
Event: 1.349 Thread 0x0000013b37c58c90 DEOPT PACKING pc=0x0000013b3ccdf956 sp=0x0000000d312fd3f0
Event: 1.349 Thread 0x0000013b37c58c90 DEOPT UNPACKING pc=0x0000013b441d7143 sp=0x0000000d312fc890 mode 0
Event: 1.382 Thread 0x0000013b37c58c90 DEOPT PACKING pc=0x0000013b3ccdf956 sp=0x0000000d312fd460
Event: 1.382 Thread 0x0000013b37c58c90 DEOPT UNPACKING pc=0x0000013b441d7143 sp=0x0000000d312fc900 mode 0
Event: 1.455 Thread 0x0000013b37c58c90 DEOPT PACKING pc=0x0000013b3ccdf956 sp=0x0000000d312fdbf0
Event: 1.455 Thread 0x0000013b37c58c90 DEOPT UNPACKING pc=0x0000013b441d7143 sp=0x0000000d312fd078 mode 0
Event: 1.472 Thread 0x0000013b37c58c90 DEOPT PACKING pc=0x0000013b3cc5c23e sp=0x0000000d312fd480
Event: 1.472 Thread 0x0000013b37c58c90 DEOPT UNPACKING pc=0x0000013b441d7143 sp=0x0000000d312fc920 mode 0
Event: 1.476 Thread 0x0000013b37c58c90 DEOPT PACKING pc=0x0000013b3ccdf956 sp=0x0000000d312fdc20
Event: 1.476 Thread 0x0000013b37c58c90 DEOPT UNPACKING pc=0x0000013b441d7143 sp=0x0000000d312fd0a8 mode 0
Event: 1.476 Thread 0x0000013b37c58c90 DEOPT PACKING pc=0x0000013b3ccdf956 sp=0x0000000d312fdc20
Event: 1.476 Thread 0x0000013b37c58c90 DEOPT UNPACKING pc=0x0000013b441d7143 sp=0x0000000d312fd0a8 mode 0
Event: 1.621 Thread 0x0000013b37c58c90 DEOPT PACKING pc=0x0000013b3cc5c23e sp=0x0000000d312fd500
Event: 1.621 Thread 0x0000013b37c58c90 DEOPT UNPACKING pc=0x0000013b441d7143 sp=0x0000000d312fc9a0 mode 0
Event: 1.691 Thread 0x0000013b37c58c90 Uncommon trap: trap_request=0xffffff45 fr.pc=0x0000013b447215f8 relative=0x0000000000000078
Event: 1.691 Thread 0x0000013b37c58c90 Uncommon trap: reason=unstable_if action=reinterpret pc=0x0000013b447215f8 method=java.lang.String.isLatin1()Z @ 10 c2
Event: 1.691 Thread 0x0000013b37c58c90 DEOPT PACKING pc=0x0000013b447215f8 sp=0x0000000d312fedb0
Event: 1.691 Thread 0x0000013b37c58c90 DEOPT UNPACKING pc=0x0000013b441d69a3 sp=0x0000000d312fecf0 mode 2
Event: 1.700 Thread 0x0000013b37c58c90 DEOPT PACKING pc=0x0000013b3ccdf956 sp=0x0000000d312ff000
Event: 1.700 Thread 0x0000013b37c58c90 DEOPT UNPACKING pc=0x0000013b441d7143 sp=0x0000000d312fe488 mode 0

Classes unloaded (0 events):
No events

Classes redefined (0 events):
No events

Internal exceptions (0 events):
No events

VM Operations (9 events):
Event: 0.747 Executing VM operation: HandshakeAllThreads
Event: 0.747 Executing VM operation: HandshakeAllThreads done
Event: 1.747 Executing VM operation: Cleanup
Event: 1.747 Executing VM operation: Cleanup done
Event: 2.748 Executing VM operation: Cleanup
Event: 2.779 Executing VM operation: Cleanup done
Event: 2.827 Executing VM operation: HandshakeAllThreads
Event: 2.827 Executing VM operation: HandshakeAllThreads done
Event: 3.826 Executing VM operation: Cleanup

Events (20 events):
Event: 2.824 loading class java/lang/invoke/LambdaFormEditor done
Event: 2.825 loading class java/lang/invoke/LambdaFormEditor$TransformKey
Event: 2.825 loading class java/lang/invoke/LambdaFormEditor$TransformKey done
Event: 2.825 loading class java/lang/invoke/LambdaFormBuffer
Event: 2.825 loading class java/lang/invoke/LambdaFormBuffer done
Event: 2.825 loading class java/lang/invoke/MethodHandleImpl$CasesHolder
Event: 2.825 loading class java/lang/invoke/MethodHandleImpl$CasesHolder done
Event: 2.825 loading class java/lang/invoke/MethodHandleImpl$LoopClauses
Event: 2.826 loading class java/lang/invoke/MethodHandleImpl$LoopClauses done
Event: 2.826 loading class java/lang/invoke/MethodHandleImpl$ArrayAccess
Event: 2.826 loading class java/lang/invoke/MethodHandleImpl$ArrayAccess done
Event: 2.826 loading class java/lang/invoke/MethodHandleImpl$2
Event: 2.826 loading class java/lang/invoke/MethodHandleImpl$2 done
Event: 2.826 loading class java/lang/invoke/MethodHandleImpl$ArrayAccessor
Event: 2.826 loading class java/lang/invoke/MethodHandleImpl$ArrayAccessor done
Event: 2.826 loading class java/lang/invoke/MethodHandleImpl$ArrayAccessor$1
Event: 2.826 loading class java/lang/invoke/MethodHandleImpl$ArrayAccessor$1 done
Event: 2.826 loading class java/lang/ClassValue$ClassValueMap
Event: 2.827 loading class java/lang/ClassValue$ClassValueMap done
Event: 2.828 loading class java/lang/NoSuchMethodError


Dynamic libraries:
0x00007ff65a0c0000 - 0x00007ff65a0ce000 	C:\Users\albar\.katalon\packages\KS-9.7.5\jre\bin\javaw.exe
0x00007ffb60860000 - 0x00007ffb60ac6000 	C:\WINDOWS\SYSTEM32\ntdll.dll
0x00007ffb5f200000 - 0x00007ffb5f2c9000 	C:\WINDOWS\System32\KERNEL32.DLL
0x00007ffb5df20000 - 0x00007ffb5e2ec000 	C:\WINDOWS\System32\KERNELBASE.dll
0x00007ffb5e2f0000 - 0x00007ffb5e43b000 	C:\WINDOWS\System32\ucrtbase.dll
0x00007ffb475d0000 - 0x00007ffb475e7000 	C:\Users\albar\.katalon\packages\KS-9.7.5\jre\bin\jli.dll
0x00007ffb47150000 - 0x00007ffb47169000 	C:\Users\albar\.katalon\packages\KS-9.7.5\jre\bin\VCRUNTIME140.dll
0x00007ffb605e0000 - 0x00007ffb607aa000 	C:\WINDOWS\System32\USER32.dll
0x00007ffb5db70000 - 0x00007ffb5db97000 	C:\WINDOWS\System32\win32u.dll
0x00007ffb37390000 - 0x00007ffb3762a000 	C:\WINDOWS\WinSxS\amd64_microsoft.windows.common-controls_6595b64144ccf1df_6.0.26100.3912_none_3e07963ce335137e\COMCTL32.dll
0x00007ffb5fa00000 - 0x00007ffb5fa2b000 	C:\WINDOWS\System32\GDI32.dll
0x00007ffb5f150000 - 0x00007ffb5f1f9000 	C:\WINDOWS\System32\msvcrt.dll
0x00007ffb5e4e0000 - 0x00007ffb5e612000 	C:\WINDOWS\System32\gdi32full.dll
0x00007ffb5dcf0000 - 0x00007ffb5dd93000 	C:\WINDOWS\System32\msvcp_win.dll
0x00007ffb607b0000 - 0x00007ffb607e0000 	C:\WINDOWS\System32\IMM32.DLL
0x00007ffb53920000 - 0x00007ffb5392c000 	C:\Users\albar\.katalon\packages\KS-9.7.5\jre\bin\vcruntime140_1.dll
0x00007ffb39d20000 - 0x00007ffb39db1000 	C:\Users\albar\.katalon\packages\KS-9.7.5\jre\bin\msvcp140.dll
0x00007ffac4dd0000 - 0x00007ffac5a18000 	C:\Users\albar\.katalon\packages\KS-9.7.5\jre\bin\server\jvm.dll
0x00007ffb5f8e0000 - 0x00007ffb5f992000 	C:\WINDOWS\System32\ADVAPI32.dll
0x00007ffb5f760000 - 0x00007ffb5f806000 	C:\WINDOWS\System32\sechost.dll
0x00007ffb60130000 - 0x00007ffb60246000 	C:\WINDOWS\System32\RPCRT4.dll
0x00007ffb39fa0000 - 0x00007ffb39faa000 	C:\WINDOWS\SYSTEM32\WSOCK32.dll
0x00007ffb5f0d0000 - 0x00007ffb5f144000 	C:\WINDOWS\System32\WS2_32.dll
0x00007ffb49340000 - 0x00007ffb49376000 	C:\WINDOWS\SYSTEM32\WINMM.dll
0x00007ffb4a7e0000 - 0x00007ffb4a7eb000 	C:\WINDOWS\SYSTEM32\VERSION.dll
0x00007ffb5c890000 - 0x00007ffb5c8aa000 	C:\WINDOWS\SYSTEM32\kernel.appcore.dll
0x00007ffb39270000 - 0x00007ffb3927a000 	C:\Users\albar\.katalon\packages\KS-9.7.5\jre\bin\jimage.dll
0x00007ffb5abf0000 - 0x00007ffb5ae31000 	C:\WINDOWS\SYSTEM32\DBGHELP.DLL
0x00007ffb60250000 - 0x00007ffb605d4000 	C:\WINDOWS\System32\combase.dll
0x00007ffb5ee00000 - 0x00007ffb5eee0000 	C:\WINDOWS\System32\OLEAUT32.dll
0x00007ffb38030000 - 0x00007ffb38069000 	C:\WINDOWS\SYSTEM32\dbgcore.DLL
0x00007ffb5e440000 - 0x00007ffb5e4d9000 	C:\WINDOWS\System32\bcryptPrimitives.dll
0x00007ffb278d0000 - 0x00007ffb278f5000 	C:\Users\albar\.katalon\packages\KS-9.7.5\jre\bin\java.dll
0x00007ffb29e90000 - 0x00007ffb29ea8000 	C:\Users\albar\.katalon\packages\KS-9.7.5\jre\bin\zip.dll
0x00007ffb5e6d0000 - 0x00007ffb5edfd000 	C:\WINDOWS\System32\SHELL32.dll
0x00007ffb5dda0000 - 0x00007ffb5df14000 	C:\WINDOWS\System32\wintypes.dll
0x00007ffb5b640000 - 0x00007ffb5be96000 	C:\WINDOWS\SYSTEM32\windows.storage.dll
0x00007ffb5fc60000 - 0x00007ffb5fd4f000 	C:\WINDOWS\System32\SHCORE.dll
0x00007ffb5fbf0000 - 0x00007ffb5fc59000 	C:\WINDOWS\System32\shlwapi.dll
0x00007ffb5d900000 - 0x00007ffb5d92f000 	C:\WINDOWS\SYSTEM32\profapi.dll
0x00007ffb27c60000 - 0x00007ffb27c79000 	C:\Users\albar\.katalon\packages\KS-9.7.5\jre\bin\net.dll
0x00007ffb52210000 - 0x00007ffb5232e000 	C:\WINDOWS\SYSTEM32\WINHTTP.dll
0x00007ffb5cde0000 - 0x00007ffb5ce4a000 	C:\WINDOWS\system32\mswsock.dll
0x00007ffb25df0000 - 0x00007ffb25e05000 	C:\Users\albar\.katalon\packages\KS-9.7.5\jre\bin\nio.dll

dbghelp: loaded successfully - version: 4.0.5 - missing functions: none
symbol engine: initialized successfully - sym options: 0x614 - pdb path: .;C:\Users\albar\.katalon\packages\KS-9.7.5\jre\bin;C:\WINDOWS\SYSTEM32;C:\WINDOWS\WinSxS\amd64_microsoft.windows.common-controls_6595b64144ccf1df_6.0.26100.3912_none_3e07963ce335137e;C:\Users\albar\.katalon\packages\KS-9.7.5\jre\bin\server

VM Arguments:
jvm_args: -Dgroovy.home=C:\Users\albar/.groovy -Djava.system.class.loader=groovy.lang.GroovyClassLoader -Xmx2048m -Dfile.encoding=UTF-8 -XX:+ShowCodeDetailsInExceptionMessages 
java_command: org.codehaus.groovy.tools.GroovyStarter --classpath C:\Users\albar\Katalon Studio\Samsung\bin\keyword;C:\Users\albar\Katalon Studio\Samsung\Keywords;C:\Users\albar\Katalon Studio\Samsung\bin\listener;C:\Users\albar\Katalon Studio\Samsung\Test Listeners;C:\Users\albar\Katalon Studio\Samsung\bin\lib;C:\Users\albar\Katalon Studio\Samsung\Libs;C:\Users\albar\Katalon Studio\Samsung\bin\groovy;C:\Users\albar\Katalon Studio\Samsung\Include\scripts\groovy;C:\Users\albar\.katalon\packages\KS-9.7.5\plugins\com.kms.katalon.core_1.0.0.202503181058.jar;C:\Users\albar\.katalon\packages\KS-9.7.5\configuration\resources\lib\aalto-xml-1.0.0.jar;C:\Users\albar\.katalon\packages\KS-9.7.5\configuration\resources\lib\aspectjweaver-1.9.1.jar;C:\Users\albar\.katalon\packages\KS-9.7.5\configuration\resources\lib\aws-2.20.3-fat.jar;C:\Users\albar\.katalon\packages\KS-9.7.5\configuration\resources\lib\bcpkix-jdk15on-1.64.jar;C:\Users\albar\.katalon\packages\KS-9.7.5\configuration\resources\lib\bcprov-jdk15on-1.64.jar;C:\Users\albar\.katalon\packages\KS-9.7.5\configuration\resources\lib\browsermob-core-2.1.5.jar;C:\Users\albar\.katalon\packages\KS-9.7.5\configuration\resources\lib\byte-buddy-1.14.3.jar;C:\Users\albar\.katalon\packages\KS-9.7.5\configuration\resources\lib\byte-buddy-agent-1.14.3.jar;C:\Users\albar\.katalon\packages\KS-9.7.5\configuration\resources\lib\cglib-3.2.10.jar;C:\Users\albar\.katalon\packages\KS-9.7.5\configuration\resources\lib\commons-codec-1.10.jar;C:\Users\albar\.katalon\packages\KS-9.7.5\configuration\resources\lib\commons-collections4-4.1.jar;C:\Users\albar\.katalon\packages\KS-9.7.5\configuration\resources\lib\commons-validator-1.6.jar;C:\Users\albar\.katalon\packages\KS-9.7.5\configuration\resources\lib\curvesapi-1.04.jar;C:\Users\albar\.katalon\packages\KS-9.7.5\configuration\resources\lib\dnsjava-3.6.2.jar;C:\Users\albar\.katalon\packages\KS-9.7.5\configuration\resources\lib\groovy-3.0.17.jar;C:\Users\albar\.katalon\packages\KS-9.7.5\configura
java_class_path (initial): C:\Users\albar\Katalon Studio\Samsung\bin\keyword;C:\Users\albar\Katalon Studio\Samsung\bin\listener;C:\Users\albar\Katalon Studio\Samsung\bin\lib;C:\Users\albar\Katalon Studio\Samsung\bin\groovy;C:\Users\albar\Katalon Studio\Samsung\bin;C:\Users\albar\.katalon\packages\KS-9.7.5\plugins\com.kms.katalon.core_1.0.0.202503181058.jar;C:\Users\albar\.katalon\packages\KS-9.7.5\configuration\resources\lib\aalto-xml-1.0.0.jar;C:\Users\albar\.katalon\packages\KS-9.7.5\configuration\resources\lib\aspectjweaver-1.9.1.jar;C:\Users\albar\.katalon\packages\KS-9.7.5\configuration\resources\lib\aws-2.20.3-fat.jar;C:\Users\albar\.katalon\packages\KS-9.7.5\configuration\resources\lib\bcpkix-jdk15on-1.64.jar;C:\Users\albar\.katalon\packages\KS-9.7.5\configuration\resources\lib\bcprov-jdk15on-1.64.jar;C:\Users\albar\.katalon\packages\KS-9.7.5\configuration\resources\lib\browsermob-core-2.1.5.jar;C:\Users\albar\.katalon\packages\KS-9.7.5\configuration\resources\lib\byte-buddy-1.14.3.jar;C:\Users\albar\.katalon\packages\KS-9.7.5\configuration\resources\lib\byte-buddy-agent-1.14.3.jar;C:\Users\albar\.katalon\packages\KS-9.7.5\configuration\resources\lib\cglib-3.2.10.jar;C:\Users\albar\.katalon\packages\KS-9.7.5\configuration\resources\lib\commons-codec-1.10.jar;C:\Users\albar\.katalon\packages\KS-9.7.5\configuration\resources\lib\commons-collections4-4.1.jar;C:\Users\albar\.katalon\packages\KS-9.7.5\configuration\resources\lib\commons-validator-1.6.jar;C:\Users\albar\.katalon\packages\KS-9.7.5\configuration\resources\lib\curvesapi-1.04.jar;C:\Users\albar\.katalon\packages\KS-9.7.5\configuration\resources\lib\dnsjava-3.6.2.jar;C:\Users\albar\.katalon\packages\KS-9.7.5\configuration\resources\lib\groovy-3.0.17.jar;C:\Users\albar\.katalon\packages\KS-9.7.5\configuration\resources\lib\jackson-coreutils-2.0.jar;C:\Users\albar\.katalon\packages\KS-9.7.5\configuration\resources\lib\jackson-coreutils-equivalence-1.0.jar;C:\Users\albar\.katalon\packages\KS-9.7.5\config
Launcher Type: SUN_STANDARD

[Global flags]
     intx CICompilerCount                          = 4                                         {product} {ergonomic}
     uint ConcGCThreads                            = 2                                         {product} {ergonomic}
     uint G1ConcRefinementThreads                  = 8                                         {product} {ergonomic}
   size_t G1HeapRegionSize                         = 1048576                                   {product} {ergonomic}
    uintx GCDrainStackTargetSize                   = 64                                        {product} {ergonomic}
   size_t InitialHeapSize                          = 266338304                                 {product} {ergonomic}
   size_t MarkStackSize                            = 4194304                                   {product} {ergonomic}
   size_t MaxHeapSize                              = 2147483648                                {product} {command line}
   size_t MaxNewSize                               = 1287651328                                {product} {ergonomic}
   size_t MinHeapDeltaBytes                        = 1048576                                   {product} {ergonomic}
   size_t MinHeapSize                              = 8388608                                   {product} {ergonomic}
    uintx NonNMethodCodeHeapSize                   = 5839372                                {pd product} {ergonomic}
    uintx NonProfiledCodeHeapSize                  = 122909434                              {pd product} {ergonomic}
    uintx ProfiledCodeHeapSize                     = 122909434                              {pd product} {ergonomic}
    uintx ReservedCodeCacheSize                    = 251658240                              {pd product} {ergonomic}
     bool SegmentedCodeCache                       = true                                      {product} {ergonomic}
     bool ShowCodeDetailsInExceptionMessages       = true                                   {manageable} {command line}
   size_t SoftMaxHeapSize                          = 2147483648                             {manageable} {ergonomic}
     bool UseCompressedClassPointers               = true                           {product lp64_product} {ergonomic}
     bool UseCompressedOops                        = true                           {product lp64_product} {ergonomic}
     bool UseG1GC                                  = true                                      {product} {ergonomic}
     bool UseLargePagesIndividualAllocation        = false                                  {pd product} {ergonomic}

Logging:
Log output configuration:
 #0: stdout all=warning uptime,level,tags
 #1: stderr all=off uptime,level,tags

Environment Variables:
JAVA_HOME=C:\Users\albar\.katalon\packages\KS-9.7.5\jre
PATH=C:/Users/albar/.katalon/packages/KS-9.7.5/jre/bin/server;C:/Users/albar/.katalon/packages/KS-9.7.5/jre/bin;C:\Python313\Scripts\;C:\Python313\;C:\WINDOWS\system32;C:\WINDOWS;C:\WINDOWS\System32\Wbem;C:\WINDOWS\System32\WindowsPowerShell\v1.0\;C:\WINDOWS\System32\OpenSSH\;C:\Program Files\nodejs\;C:\ProgramData\chocolatey\bin;C:\Program Files\JAVA\jdk-24.0.1\bin;C:\Program Files\Git\cmd;C:\Users\albar\AppData\Local\Android\Sdk\platform-tools;C:\Users\albar\AppData\Local\Microsoft\WindowsApps;C:\Users\albar\AppData\Local\Microsoft\WinGet\Packages\Schniz.fnm_Microsoft.Winget.Source_8wekyb3d8bbwe;C:\Users\albar\AppData\Roaming\npm;C:\Users\albar\AppData\Local\Programs\Microsoft VS Code\bin;C:\Users\albar\.katalon\packages\KS-9.7.5;:C:\Users\albar\.katalon\packages\KS-9.7.5\jre\bin
USERNAME=albar
OS=Windows_NT
PROCESSOR_IDENTIFIER=Intel64 Family 6 Model 142 Stepping 10, GenuineIntel
TMP=C:\Users\albar\AppData\Local\Temp
TEMP=C:\Users\albar\AppData\Local\Temp



---------------  S Y S T E M  ---------------

OS:
 Windows 11 , 64 bit Build 26100 (10.0.26100.3912)
OS uptime: 2 days 0:26 hours
Hyper-V role detected

CPU: total 8 (initial active 8) (4 cores per cpu, 2 threads per core) family 6 model 142 stepping 10 microcode 0xf6, cx8, cmov, fxsr, ht, mmx, 3dnowpref, sse, sse2, sse3, ssse3, sse4.1, sse4.2, popcnt, lzcnt, tsc, tscinvbit, avx, avx2, aes, erms, clmul, bmi1, bmi2, rtm, adx, fma, vzeroupper, clflush, clflushopt, hv

Memory: 4k page, system-wide physical 16227M (1996M free)
TotalPageFile size 46506M (AvailPageFile size 4M)
current process WorkingSet (physical memory assigned to process): 70M, peak: 70M
current process commit charge ("private bytes"): 351M, peak: 351M

vm_info: OpenJDK 64-Bit Server VM (17.0.7+7) for windows-amd64 JRE (17.0.7+7), built on Apr 18 2023 22:10:42 by "temurin" with MS VC++ 16.7 (VS2019)

END.
